2022-04-21 09:28:23.682  INFO 8344 --- [main] c.e.demo.TehnickiZadatakApplication      : Starting TehnickiZadatakApplication using Java 17.0.2 on nebojsa-HP-ProBook-450-G8-Notebook-PC with PID 8344 (/home/nebojsa/IdeaProjects/poslovnizadatak/target/classes started by nebojsa in /home/nebojsa/IdeaProjects/poslovnizadatak)
2022-04-21 09:28:23.687  INFO 8344 --- [main] c.e.demo.TehnickiZadatakApplication      : The following profiles are active: prod
2022-04-21 09:28:24.300  INFO 8344 --- [main] .s.d.r.c.RepositoryConfigurationDelegate : Bootstrapping Spring Data JPA repositories in DEFAULT mode.
2022-04-21 09:28:24.363  INFO 8344 --- [main] .s.d.r.c.RepositoryConfigurationDelegate : Finished Spring Data repository scanning in 57 ms. Found 7 JPA repository interfaces.
2022-04-21 09:28:24.851  INFO 8344 --- [main] o.s.b.w.embedded.tomcat.TomcatWebServer  : Tomcat initialized with port(s): 8080 (http)
2022-04-21 09:28:24.856  INFO 8344 --- [main] o.apache.catalina.core.StandardService   : Starting service [Tomcat]
2022-04-21 09:28:24.856  INFO 8344 --- [main] org.apache.catalina.core.StandardEngine  : Starting Servlet engine: [Apache Tomcat/9.0.56]
2022-04-21 09:28:24.890  INFO 8344 --- [main] o.a.c.c.C.[Tomcat].[localhost].[/]       : Initializing Spring embedded WebApplicationContext
2022-04-21 09:28:24.890  INFO 8344 --- [main] w.s.c.ServletWebServerApplicationContext : Root WebApplicationContext: initialization completed in 1164 ms
2022-04-21 09:28:24.928  INFO 8344 --- [main] com.zaxxer.hikari.HikariDataSource       : HikariPool-1 - Starting...
2022-04-21 09:28:24.993  INFO 8344 --- [main] com.zaxxer.hikari.HikariDataSource       : HikariPool-1 - Start completed.
2022-04-21 09:28:24.999  INFO 8344 --- [main] o.s.b.a.h2.H2ConsoleAutoConfiguration    : H2 console available at '/h2-console'. Database available at 'jdbc:h2:mem:zadatakdb'
2022-04-21 09:28:25.119  INFO 8344 --- [main] o.hibernate.jpa.internal.util.LogHelper  : HHH000204: Processing PersistenceUnitInfo [name: default]
2022-04-21 09:28:25.151  INFO 8344 --- [main] org.hibernate.Version                    : HHH000412: Hibernate ORM core version 5.6.4.Final
2022-04-21 09:28:25.245  INFO 8344 --- [main] o.hibernate.annotations.common.Version   : HCANN000001: Hibernate Commons Annotations {5.1.2.Final}
2022-04-21 09:28:25.312  INFO 8344 --- [main] org.hibernate.dialect.Dialect            : HHH000400: Using dialect: org.hibernate.dialect.H2Dialect
2022-04-21 09:28:25.714  INFO 8344 --- [main] o.h.e.t.j.p.i.JtaPlatformInitiator       : HHH000490: Using JtaPlatform implementation: [org.hibernate.engine.transaction.jta.platform.internal.NoJtaPlatform]
2022-04-21 09:28:25.718  INFO 8344 --- [main] j.LocalContainerEntityManagerFactoryBean : Initialized JPA EntityManagerFactory for persistence unit 'default'
2022-04-21 09:28:26.068  WARN 8344 --- [main] ConfigServletWebServerApplicationContext : Exception encountered during context initialization - cancelling refresh attempt: org.springframework.beans.factory.UnsatisfiedDependencyException: Error creating bean with name 'securityConfig' defined in file [/home/nebojsa/IdeaProjects/poslovnizadatak/target/classes/com/example/demo/security/SecurityConfig.class]: Unsatisfied dependency expressed through constructor parameter 1; nested exception is org.springframework.beans.factory.NoSuchBeanDefinitionException: No qualifying bean of type 'com.example.demo.jwt.CustomAuthFilter' available: expected at least 1 bean which qualifies as autowire candidate. Dependency annotations: {}
2022-04-21 09:28:26.070  INFO 8344 --- [main] j.LocalContainerEntityManagerFactoryBean : Closing JPA EntityManagerFactory for persistence unit 'default'
2022-04-21 09:28:26.075  INFO 8344 --- [main] com.zaxxer.hikari.HikariDataSource       : HikariPool-1 - Shutdown initiated...
2022-04-21 09:28:26.078  INFO 8344 --- [main] com.zaxxer.hikari.HikariDataSource       : HikariPool-1 - Shutdown completed.
2022-04-21 09:28:26.079  INFO 8344 --- [main] o.apache.catalina.core.StandardService   : Stopping service [Tomcat]
2022-04-21 09:28:26.087  INFO 8344 --- [main] ConditionEvaluationReportLoggingListener : 

Error starting ApplicationContext. To display the conditions report re-run your application with 'debug' enabled.
2022-04-21 09:28:26.099 ERROR 8344 --- [main] o.s.b.d.LoggingFailureAnalysisReporter   : 

***************************
APPLICATION FAILED TO START
***************************

Description:

Parameter 1 of constructor in com.example.demo.security.SecurityConfig required a bean of type 'com.example.demo.jwt.CustomAuthFilter' that could not be found.


Action:

Consider defining a bean of type 'com.example.demo.jwt.CustomAuthFilter' in your configuration.

2022-04-21 09:29:54.323  INFO 8473 --- [main] c.e.demo.TehnickiZadatakApplication      : Starting TehnickiZadatakApplication using Java 17.0.2 on nebojsa-HP-ProBook-450-G8-Notebook-PC with PID 8473 (/home/nebojsa/IdeaProjects/poslovnizadatak/target/classes started by nebojsa in /home/nebojsa/IdeaProjects/poslovnizadatak)
2022-04-21 09:29:54.328  INFO 8473 --- [main] c.e.demo.TehnickiZadatakApplication      : The following profiles are active: prod
2022-04-21 09:29:54.824  INFO 8473 --- [main] .s.d.r.c.RepositoryConfigurationDelegate : Bootstrapping Spring Data JPA repositories in DEFAULT mode.
2022-04-21 09:29:54.858  INFO 8473 --- [main] .s.d.r.c.RepositoryConfigurationDelegate : Finished Spring Data repository scanning in 30 ms. Found 7 JPA repository interfaces.
2022-04-21 09:29:55.196  INFO 8473 --- [main] o.s.b.w.embedded.tomcat.TomcatWebServer  : Tomcat initialized with port(s): 8080 (http)
2022-04-21 09:29:55.200  INFO 8473 --- [main] o.apache.catalina.core.StandardService   : Starting service [Tomcat]
2022-04-21 09:29:55.200  INFO 8473 --- [main] org.apache.catalina.core.StandardEngine  : Starting Servlet engine: [Apache Tomcat/9.0.56]
2022-04-21 09:29:55.231  INFO 8473 --- [main] o.a.c.c.C.[Tomcat].[localhost].[/]       : Initializing Spring embedded WebApplicationContext
2022-04-21 09:29:55.231  INFO 8473 --- [main] w.s.c.ServletWebServerApplicationContext : Root WebApplicationContext: initialization completed in 866 ms
2022-04-21 09:29:55.257  INFO 8473 --- [main] com.zaxxer.hikari.HikariDataSource       : HikariPool-1 - Starting...
2022-04-21 09:29:55.305  INFO 8473 --- [main] com.zaxxer.hikari.HikariDataSource       : HikariPool-1 - Start completed.
2022-04-21 09:29:55.311  INFO 8473 --- [main] o.s.b.a.h2.H2ConsoleAutoConfiguration    : H2 console available at '/h2-console'. Database available at 'jdbc:h2:mem:zadatakdb'
2022-04-21 09:29:55.389  INFO 8473 --- [main] o.hibernate.jpa.internal.util.LogHelper  : HHH000204: Processing PersistenceUnitInfo [name: default]
2022-04-21 09:29:55.406  INFO 8473 --- [main] org.hibernate.Version                    : HHH000412: Hibernate ORM core version 5.6.4.Final
2022-04-21 09:29:55.461  INFO 8473 --- [main] o.hibernate.annotations.common.Version   : HCANN000001: Hibernate Commons Annotations {5.1.2.Final}
2022-04-21 09:29:55.503  INFO 8473 --- [main] org.hibernate.dialect.Dialect            : HHH000400: Using dialect: org.hibernate.dialect.H2Dialect
2022-04-21 09:29:55.835  INFO 8473 --- [main] o.h.e.t.j.p.i.JtaPlatformInitiator       : HHH000490: Using JtaPlatform implementation: [org.hibernate.engine.transaction.jta.platform.internal.NoJtaPlatform]
2022-04-21 09:29:55.839  INFO 8473 --- [main] j.LocalContainerEntityManagerFactoryBean : Initialized JPA EntityManagerFactory for persistence unit 'default'
2022-04-21 09:29:56.142  WARN 8473 --- [main] JpaBaseConfiguration$JpaWebConfiguration : spring.jpa.open-in-view is enabled by default. Therefore, database queries may be performed during view rendering. Explicitly configure spring.jpa.open-in-view to disable this warning
2022-04-21 09:29:56.535  INFO 8473 --- [main] o.s.s.web.DefaultSecurityFilterChain     : Will secure any request with [org.springframework.security.web.context.request.async.WebAsyncManagerIntegrationFilter@71f86562, org.springframework.security.web.context.SecurityContextPersistenceFilter@452d6fd, org.springframework.security.web.header.HeaderWriterFilter@10c1682b, org.springframework.security.web.authentication.logout.LogoutFilter@399acce3, com.example.demo.jwt.AuthorizationFilter@5c141c7b, com.example.demo.jwt.CustomAuthFilter@14f254f, org.springframework.security.web.savedrequest.RequestCacheAwareFilter@40f931ec, org.springframework.security.web.servletapi.SecurityContextHolderAwareRequestFilter@33b4c775, org.springframework.security.web.authentication.AnonymousAuthenticationFilter@363ee411, org.springframework.security.web.session.SessionManagementFilter@72fa021, org.springframework.security.web.access.ExceptionTranslationFilter@6b8a9e1, org.springframework.security.web.access.intercept.FilterSecurityInterceptor@7be3a837]
2022-04-21 09:29:56.853  INFO 8473 --- [main] o.s.b.w.embedded.tomcat.TomcatWebServer  : Tomcat started on port(s): 8080 (http) with context path ''
2022-04-21 09:29:57.335  INFO 8473 --- [main] c.e.demo.TehnickiZadatakApplication      : Started TehnickiZadatakApplication in 3.248 seconds (JVM running for 3.549)
2022-04-21 09:30:27.837  INFO 8473 --- [http-nio-8080-exec-2] o.a.c.c.C.[Tomcat].[localhost].[/]       : Initializing Spring DispatcherServlet 'dispatcherServlet'
2022-04-21 09:30:27.837  INFO 8473 --- [http-nio-8080-exec-2] o.s.web.servlet.DispatcherServlet        : Initializing Servlet 'dispatcherServlet'
2022-04-21 09:30:27.838  INFO 8473 --- [http-nio-8080-exec-2] o.s.web.servlet.DispatcherServlet        : Completed initialization in 1 ms
2022-04-21 09:33:47.620  INFO 8473 --- [SpringApplicationShutdownHook] j.LocalContainerEntityManagerFactoryBean : Closing JPA EntityManagerFactory for persistence unit 'default'
2022-04-21 09:33:47.623  INFO 8473 --- [SpringApplicationShutdownHook] com.zaxxer.hikari.HikariDataSource       : HikariPool-1 - Shutdown initiated...
2022-04-21 09:33:47.625  INFO 8473 --- [SpringApplicationShutdownHook] com.zaxxer.hikari.HikariDataSource       : HikariPool-1 - Shutdown completed.
2022-04-21 09:33:50.468  INFO 8959 --- [main] c.e.demo.TehnickiZadatakApplication      : Starting TehnickiZadatakApplication using Java 17.0.2 on nebojsa-HP-ProBook-450-G8-Notebook-PC with PID 8959 (/home/nebojsa/IdeaProjects/poslovnizadatak/target/classes started by nebojsa in /home/nebojsa/IdeaProjects/poslovnizadatak)
2022-04-21 09:33:50.472  INFO 8959 --- [main] c.e.demo.TehnickiZadatakApplication      : The following profiles are active: prod
2022-04-21 09:33:50.951  INFO 8959 --- [main] .s.d.r.c.RepositoryConfigurationDelegate : Bootstrapping Spring Data JPA repositories in DEFAULT mode.
2022-04-21 09:33:50.984  INFO 8959 --- [main] .s.d.r.c.RepositoryConfigurationDelegate : Finished Spring Data repository scanning in 29 ms. Found 7 JPA repository interfaces.
2022-04-21 09:33:51.302  INFO 8959 --- [main] o.s.b.w.embedded.tomcat.TomcatWebServer  : Tomcat initialized with port(s): 8080 (http)
2022-04-21 09:33:51.306  INFO 8959 --- [main] o.apache.catalina.core.StandardService   : Starting service [Tomcat]
2022-04-21 09:33:51.306  INFO 8959 --- [main] org.apache.catalina.core.StandardEngine  : Starting Servlet engine: [Apache Tomcat/9.0.56]
2022-04-21 09:33:51.336  INFO 8959 --- [main] o.a.c.c.C.[Tomcat].[localhost].[/]       : Initializing Spring embedded WebApplicationContext
2022-04-21 09:33:51.337  INFO 8959 --- [main] w.s.c.ServletWebServerApplicationContext : Root WebApplicationContext: initialization completed in 831 ms
2022-04-21 09:33:51.362  INFO 8959 --- [main] com.zaxxer.hikari.HikariDataSource       : HikariPool-1 - Starting...
2022-04-21 09:33:51.409  INFO 8959 --- [main] com.zaxxer.hikari.HikariDataSource       : HikariPool-1 - Start completed.
2022-04-21 09:33:51.414  INFO 8959 --- [main] o.s.b.a.h2.H2ConsoleAutoConfiguration    : H2 console available at '/h2-console'. Database available at 'jdbc:h2:mem:zadatakdb'
2022-04-21 09:33:51.490  INFO 8959 --- [main] o.hibernate.jpa.internal.util.LogHelper  : HHH000204: Processing PersistenceUnitInfo [name: default]
2022-04-21 09:33:51.508  INFO 8959 --- [main] org.hibernate.Version                    : HHH000412: Hibernate ORM core version 5.6.4.Final
2022-04-21 09:33:51.557  INFO 8959 --- [main] o.hibernate.annotations.common.Version   : HCANN000001: Hibernate Commons Annotations {5.1.2.Final}
2022-04-21 09:33:51.600  INFO 8959 --- [main] org.hibernate.dialect.Dialect            : HHH000400: Using dialect: org.hibernate.dialect.H2Dialect
2022-04-21 09:33:51.918  INFO 8959 --- [main] o.h.e.t.j.p.i.JtaPlatformInitiator       : HHH000490: Using JtaPlatform implementation: [org.hibernate.engine.transaction.jta.platform.internal.NoJtaPlatform]
2022-04-21 09:33:51.922  INFO 8959 --- [main] j.LocalContainerEntityManagerFactoryBean : Initialized JPA EntityManagerFactory for persistence unit 'default'
2022-04-21 09:33:52.229  WARN 8959 --- [main] JpaBaseConfiguration$JpaWebConfiguration : spring.jpa.open-in-view is enabled by default. Therefore, database queries may be performed during view rendering. Explicitly configure spring.jpa.open-in-view to disable this warning
2022-04-21 09:33:52.618  INFO 8959 --- [main] o.s.s.web.DefaultSecurityFilterChain     : Will secure any request with [org.springframework.security.web.context.request.async.WebAsyncManagerIntegrationFilter@14f254f, org.springframework.security.web.context.SecurityContextPersistenceFilter@ccea4be, org.springframework.security.web.header.HeaderWriterFilter@2e7563f6, org.springframework.security.web.authentication.logout.LogoutFilter@206de1f, com.example.demo.jwt.AuthorizationFilter@363ee411, com.example.demo.jwt.CustomAuthFilter@4df54c1, org.springframework.security.web.savedrequest.RequestCacheAwareFilter@ae85aad, org.springframework.security.web.servletapi.SecurityContextHolderAwareRequestFilter@45689582, org.springframework.security.web.authentication.AnonymousAuthenticationFilter@785477e5, org.springframework.security.web.session.SessionManagementFilter@7be9e9fc, org.springframework.security.web.access.ExceptionTranslationFilter@425376cc, org.springframework.security.web.access.intercept.FilterSecurityInterceptor@640028f2]
2022-04-21 09:33:52.923  INFO 8959 --- [main] o.s.b.w.embedded.tomcat.TomcatWebServer  : Tomcat started on port(s): 8080 (http) with context path ''
2022-04-21 09:33:53.390  INFO 8959 --- [main] c.e.demo.TehnickiZadatakApplication      : Started TehnickiZadatakApplication in 3.136 seconds (JVM running for 3.525)
2022-04-21 09:33:59.597  INFO 8959 --- [http-nio-8080-exec-1] o.a.c.c.C.[Tomcat].[localhost].[/]       : Initializing Spring DispatcherServlet 'dispatcherServlet'
2022-04-21 09:33:59.597  INFO 8959 --- [http-nio-8080-exec-1] o.s.web.servlet.DispatcherServlet        : Initializing Servlet 'dispatcherServlet'
2022-04-21 09:33:59.598  INFO 8959 --- [http-nio-8080-exec-1] o.s.web.servlet.DispatcherServlet        : Completed initialization in 1 ms
2022-04-21 09:37:23.128  INFO 8959 --- [SpringApplicationShutdownHook] j.LocalContainerEntityManagerFactoryBean : Closing JPA EntityManagerFactory for persistence unit 'default'
2022-04-21 09:37:23.129  INFO 8959 --- [SpringApplicationShutdownHook] com.zaxxer.hikari.HikariDataSource       : HikariPool-1 - Shutdown initiated...
2022-04-21 09:37:23.130  INFO 8959 --- [SpringApplicationShutdownHook] com.zaxxer.hikari.HikariDataSource       : HikariPool-1 - Shutdown completed.
2022-04-21 09:37:25.906  INFO 9204 --- [main] c.e.demo.TehnickiZadatakApplication      : Starting TehnickiZadatakApplication using Java 17.0.2 on nebojsa-HP-ProBook-450-G8-Notebook-PC with PID 9204 (/home/nebojsa/IdeaProjects/poslovnizadatak/target/classes started by nebojsa in /home/nebojsa/IdeaProjects/poslovnizadatak)
2022-04-21 09:37:25.908  INFO 9204 --- [main] c.e.demo.TehnickiZadatakApplication      : The following profiles are active: prod
2022-04-21 09:37:26.384  INFO 9204 --- [main] .s.d.r.c.RepositoryConfigurationDelegate : Bootstrapping Spring Data JPA repositories in DEFAULT mode.
2022-04-21 09:37:26.416  INFO 9204 --- [main] .s.d.r.c.RepositoryConfigurationDelegate : Finished Spring Data repository scanning in 28 ms. Found 7 JPA repository interfaces.
2022-04-21 09:37:26.756  INFO 9204 --- [main] o.s.b.w.embedded.tomcat.TomcatWebServer  : Tomcat initialized with port(s): 8080 (http)
2022-04-21 09:37:26.760  INFO 9204 --- [main] o.apache.catalina.core.StandardService   : Starting service [Tomcat]
2022-04-21 09:37:26.760  INFO 9204 --- [main] org.apache.catalina.core.StandardEngine  : Starting Servlet engine: [Apache Tomcat/9.0.56]
2022-04-21 09:37:26.790  INFO 9204 --- [main] o.a.c.c.C.[Tomcat].[localhost].[/]       : Initializing Spring embedded WebApplicationContext
2022-04-21 09:37:26.791  INFO 9204 --- [main] w.s.c.ServletWebServerApplicationContext : Root WebApplicationContext: initialization completed in 853 ms
2022-04-21 09:37:26.815  INFO 9204 --- [main] com.zaxxer.hikari.HikariDataSource       : HikariPool-1 - Starting...
2022-04-21 09:37:26.858  INFO 9204 --- [main] com.zaxxer.hikari.HikariDataSource       : HikariPool-1 - Start completed.
2022-04-21 09:37:26.863  INFO 9204 --- [main] o.s.b.a.h2.H2ConsoleAutoConfiguration    : H2 console available at '/h2-console'. Database available at 'jdbc:h2:mem:zadatakdb'
2022-04-21 09:37:26.944  INFO 9204 --- [main] o.hibernate.jpa.internal.util.LogHelper  : HHH000204: Processing PersistenceUnitInfo [name: default]
2022-04-21 09:37:26.960  INFO 9204 --- [main] org.hibernate.Version                    : HHH000412: Hibernate ORM core version 5.6.4.Final
2022-04-21 09:37:27.006  INFO 9204 --- [main] o.hibernate.annotations.common.Version   : HCANN000001: Hibernate Commons Annotations {5.1.2.Final}
2022-04-21 09:37:27.050  INFO 9204 --- [main] org.hibernate.dialect.Dialect            : HHH000400: Using dialect: org.hibernate.dialect.H2Dialect
2022-04-21 09:37:27.371  INFO 9204 --- [main] o.h.e.t.j.p.i.JtaPlatformInitiator       : HHH000490: Using JtaPlatform implementation: [org.hibernate.engine.transaction.jta.platform.internal.NoJtaPlatform]
2022-04-21 09:37:27.374  INFO 9204 --- [main] j.LocalContainerEntityManagerFactoryBean : Initialized JPA EntityManagerFactory for persistence unit 'default'
2022-04-21 09:37:27.672  WARN 9204 --- [main] JpaBaseConfiguration$JpaWebConfiguration : spring.jpa.open-in-view is enabled by default. Therefore, database queries may be performed during view rendering. Explicitly configure spring.jpa.open-in-view to disable this warning
2022-04-21 09:37:28.077  INFO 9204 --- [main] o.s.s.web.DefaultSecurityFilterChain     : Will secure any request with [org.springframework.security.web.context.request.async.WebAsyncManagerIntegrationFilter@14f254f, org.springframework.security.web.context.SecurityContextPersistenceFilter@ccea4be, org.springframework.security.web.header.HeaderWriterFilter@2e7563f6, org.springframework.security.web.authentication.logout.LogoutFilter@206de1f, com.example.demo.jwt.AuthorizationFilter@363ee411, com.example.demo.jwt.CustomAuthFilter@4df54c1, org.springframework.security.web.savedrequest.RequestCacheAwareFilter@ae85aad, org.springframework.security.web.servletapi.SecurityContextHolderAwareRequestFilter@45689582, org.springframework.security.web.authentication.AnonymousAuthenticationFilter@785477e5, org.springframework.security.web.session.SessionManagementFilter@7be9e9fc, org.springframework.security.web.access.ExceptionTranslationFilter@425376cc, org.springframework.security.web.access.intercept.FilterSecurityInterceptor@640028f2]
2022-04-21 09:37:28.407  INFO 9204 --- [main] o.s.b.w.embedded.tomcat.TomcatWebServer  : Tomcat started on port(s): 8080 (http) with context path ''
2022-04-21 09:37:28.885  INFO 9204 --- [main] c.e.demo.TehnickiZadatakApplication      : Started TehnickiZadatakApplication in 3.212 seconds (JVM running for 3.572)
2022-04-21 09:37:34.312  INFO 9204 --- [http-nio-8080-exec-2] o.a.c.c.C.[Tomcat].[localhost].[/]       : Initializing Spring DispatcherServlet 'dispatcherServlet'
2022-04-21 09:37:34.312  INFO 9204 --- [http-nio-8080-exec-2] o.s.web.servlet.DispatcherServlet        : Initializing Servlet 'dispatcherServlet'
2022-04-21 09:37:34.313  INFO 9204 --- [http-nio-8080-exec-2] o.s.web.servlet.DispatcherServlet        : Completed initialization in 1 ms
2022-04-21 09:42:28.063  INFO 9204 --- [SpringApplicationShutdownHook] j.LocalContainerEntityManagerFactoryBean : Closing JPA EntityManagerFactory for persistence unit 'default'
2022-04-21 09:42:28.065  INFO 9204 --- [SpringApplicationShutdownHook] com.zaxxer.hikari.HikariDataSource       : HikariPool-1 - Shutdown initiated...
2022-04-21 09:42:28.067  INFO 9204 --- [SpringApplicationShutdownHook] com.zaxxer.hikari.HikariDataSource       : HikariPool-1 - Shutdown completed.
2022-04-21 09:42:30.706  INFO 9480 --- [main] c.e.demo.TehnickiZadatakApplication      : Starting TehnickiZadatakApplication using Java 17.0.2 on nebojsa-HP-ProBook-450-G8-Notebook-PC with PID 9480 (/home/nebojsa/IdeaProjects/poslovnizadatak/target/classes started by nebojsa in /home/nebojsa/IdeaProjects/poslovnizadatak)
2022-04-21 09:42:30.707  INFO 9480 --- [main] c.e.demo.TehnickiZadatakApplication      : The following profiles are active: prod
2022-04-21 09:42:31.190  INFO 9480 --- [main] .s.d.r.c.RepositoryConfigurationDelegate : Bootstrapping Spring Data JPA repositories in DEFAULT mode.
2022-04-21 09:42:31.223  INFO 9480 --- [main] .s.d.r.c.RepositoryConfigurationDelegate : Finished Spring Data repository scanning in 29 ms. Found 7 JPA repository interfaces.
2022-04-21 09:42:31.554  INFO 9480 --- [main] o.s.b.w.embedded.tomcat.TomcatWebServer  : Tomcat initialized with port(s): 8080 (http)
2022-04-21 09:42:31.558  INFO 9480 --- [main] o.apache.catalina.core.StandardService   : Starting service [Tomcat]
2022-04-21 09:42:31.558  INFO 9480 --- [main] org.apache.catalina.core.StandardEngine  : Starting Servlet engine: [Apache Tomcat/9.0.56]
2022-04-21 09:42:31.587  INFO 9480 --- [main] o.a.c.c.C.[Tomcat].[localhost].[/]       : Initializing Spring embedded WebApplicationContext
2022-04-21 09:42:31.588  INFO 9480 --- [main] w.s.c.ServletWebServerApplicationContext : Root WebApplicationContext: initialization completed in 853 ms
2022-04-21 09:42:31.611  INFO 9480 --- [main] com.zaxxer.hikari.HikariDataSource       : HikariPool-1 - Starting...
2022-04-21 09:42:31.658  INFO 9480 --- [main] com.zaxxer.hikari.HikariDataSource       : HikariPool-1 - Start completed.
2022-04-21 09:42:31.663  INFO 9480 --- [main] o.s.b.a.h2.H2ConsoleAutoConfiguration    : H2 console available at '/h2-console'. Database available at 'jdbc:h2:mem:zadatakdb'
2022-04-21 09:42:31.738  INFO 9480 --- [main] o.hibernate.jpa.internal.util.LogHelper  : HHH000204: Processing PersistenceUnitInfo [name: default]
2022-04-21 09:42:31.753  INFO 9480 --- [main] org.hibernate.Version                    : HHH000412: Hibernate ORM core version 5.6.4.Final
2022-04-21 09:42:31.804  INFO 9480 --- [main] o.hibernate.annotations.common.Version   : HCANN000001: Hibernate Commons Annotations {5.1.2.Final}
2022-04-21 09:42:31.849  INFO 9480 --- [main] org.hibernate.dialect.Dialect            : HHH000400: Using dialect: org.hibernate.dialect.H2Dialect
2022-04-21 09:42:32.172  INFO 9480 --- [main] o.h.e.t.j.p.i.JtaPlatformInitiator       : HHH000490: Using JtaPlatform implementation: [org.hibernate.engine.transaction.jta.platform.internal.NoJtaPlatform]
2022-04-21 09:42:32.175  INFO 9480 --- [main] j.LocalContainerEntityManagerFactoryBean : Initialized JPA EntityManagerFactory for persistence unit 'default'
2022-04-21 09:42:32.475  WARN 9480 --- [main] JpaBaseConfiguration$JpaWebConfiguration : spring.jpa.open-in-view is enabled by default. Therefore, database queries may be performed during view rendering. Explicitly configure spring.jpa.open-in-view to disable this warning
2022-04-21 09:42:32.875  INFO 9480 --- [main] o.s.s.web.DefaultSecurityFilterChain     : Will secure any request with [org.springframework.security.web.context.request.async.WebAsyncManagerIntegrationFilter@5c141c7b, org.springframework.security.web.context.SecurityContextPersistenceFilter@38dc1c50, org.springframework.security.web.header.HeaderWriterFilter@2cf97875, org.springframework.security.web.authentication.logout.LogoutFilter@18c432ed, com.example.demo.jwt.AuthorizationFilter@14f254f, com.example.demo.jwt.CustomAuthFilter@363ee411, org.springframework.security.web.savedrequest.RequestCacheAwareFilter@528ef230, org.springframework.security.web.servletapi.SecurityContextHolderAwareRequestFilter@678b3746, org.springframework.security.web.authentication.AnonymousAuthenticationFilter@4df54c1, org.springframework.security.web.session.SessionManagementFilter@1c3400df, org.springframework.security.web.access.ExceptionTranslationFilter@4c51fc9a, org.springframework.security.web.access.intercept.FilterSecurityInterceptor@247d44b4]
2022-04-21 09:42:33.179  INFO 9480 --- [main] o.s.b.w.embedded.tomcat.TomcatWebServer  : Tomcat started on port(s): 8080 (http) with context path ''
2022-04-21 09:42:33.641  INFO 9480 --- [main] c.e.demo.TehnickiZadatakApplication      : Started TehnickiZadatakApplication in 3.15 seconds (JVM running for 3.479)
2022-04-21 09:42:45.710  INFO 9480 --- [http-nio-8080-exec-1] o.a.c.c.C.[Tomcat].[localhost].[/]       : Initializing Spring DispatcherServlet 'dispatcherServlet'
2022-04-21 09:42:45.710  INFO 9480 --- [http-nio-8080-exec-1] o.s.web.servlet.DispatcherServlet        : Initializing Servlet 'dispatcherServlet'
2022-04-21 09:42:45.711  INFO 9480 --- [http-nio-8080-exec-1] o.s.web.servlet.DispatcherServlet        : Completed initialization in 1 ms
2022-04-21 09:43:45.400 ERROR 9480 --- [http-nio-8080-exec-4] c.example.demo.jwt.AuthorizationFilter   : Error logging in: The token was expected to have 3 parts, but got 1.
2022-04-21 10:03:11.644  INFO 9480 --- [SpringApplicationShutdownHook] j.LocalContainerEntityManagerFactoryBean : Closing JPA EntityManagerFactory for persistence unit 'default'
2022-04-21 10:03:11.645  INFO 9480 --- [SpringApplicationShutdownHook] com.zaxxer.hikari.HikariDataSource       : HikariPool-1 - Shutdown initiated...
2022-04-21 10:03:11.647  INFO 9480 --- [SpringApplicationShutdownHook] com.zaxxer.hikari.HikariDataSource       : HikariPool-1 - Shutdown completed.
2022-04-21 10:03:15.338  INFO 10342 --- [main] c.e.demo.TehnickiZadatakApplication      : Starting TehnickiZadatakApplication using Java 17.0.2 on nebojsa-HP-ProBook-450-G8-Notebook-PC with PID 10342 (/home/nebojsa/IdeaProjects/poslovnizadatak/target/classes started by nebojsa in /home/nebojsa/IdeaProjects/poslovnizadatak)
2022-04-21 10:03:15.341  INFO 10342 --- [main] c.e.demo.TehnickiZadatakApplication      : The following profiles are active: prod
2022-04-21 10:03:15.916  INFO 10342 --- [main] .s.d.r.c.RepositoryConfigurationDelegate : Bootstrapping Spring Data JPA repositories in DEFAULT mode.
2022-04-21 10:03:15.956  INFO 10342 --- [main] .s.d.r.c.RepositoryConfigurationDelegate : Finished Spring Data repository scanning in 35 ms. Found 7 JPA repository interfaces.
2022-04-21 10:03:16.344  INFO 10342 --- [main] o.s.b.w.embedded.tomcat.TomcatWebServer  : Tomcat initialized with port(s): 8080 (http)
2022-04-21 10:03:16.348  INFO 10342 --- [main] o.apache.catalina.core.StandardService   : Starting service [Tomcat]
2022-04-21 10:03:16.349  INFO 10342 --- [main] org.apache.catalina.core.StandardEngine  : Starting Servlet engine: [Apache Tomcat/9.0.56]
2022-04-21 10:03:16.385  INFO 10342 --- [main] o.a.c.c.C.[Tomcat].[localhost].[/]       : Initializing Spring embedded WebApplicationContext
2022-04-21 10:03:16.385  INFO 10342 --- [main] w.s.c.ServletWebServerApplicationContext : Root WebApplicationContext: initialization completed in 1001 ms
2022-04-21 10:03:16.422  INFO 10342 --- [main] com.zaxxer.hikari.HikariDataSource       : HikariPool-1 - Starting...
2022-04-21 10:03:16.480  INFO 10342 --- [main] com.zaxxer.hikari.HikariDataSource       : HikariPool-1 - Start completed.
2022-04-21 10:03:16.489  INFO 10342 --- [main] o.s.b.a.h2.H2ConsoleAutoConfiguration    : H2 console available at '/h2-console'. Database available at 'jdbc:h2:mem:zadatakdb'
2022-04-21 10:03:16.597  INFO 10342 --- [main] o.hibernate.jpa.internal.util.LogHelper  : HHH000204: Processing PersistenceUnitInfo [name: default]
2022-04-21 10:03:16.621  INFO 10342 --- [main] org.hibernate.Version                    : HHH000412: Hibernate ORM core version 5.6.4.Final
2022-04-21 10:03:16.670  INFO 10342 --- [main] o.hibernate.annotations.common.Version   : HCANN000001: Hibernate Commons Annotations {5.1.2.Final}
2022-04-21 10:03:16.710  INFO 10342 --- [main] org.hibernate.dialect.Dialect            : HHH000400: Using dialect: org.hibernate.dialect.H2Dialect
2022-04-21 10:03:17.089  INFO 10342 --- [main] o.h.e.t.j.p.i.JtaPlatformInitiator       : HHH000490: Using JtaPlatform implementation: [org.hibernate.engine.transaction.jta.platform.internal.NoJtaPlatform]
2022-04-21 10:03:17.093  INFO 10342 --- [main] j.LocalContainerEntityManagerFactoryBean : Initialized JPA EntityManagerFactory for persistence unit 'default'
2022-04-21 10:03:17.482  WARN 10342 --- [main] JpaBaseConfiguration$JpaWebConfiguration : spring.jpa.open-in-view is enabled by default. Therefore, database queries may be performed during view rendering. Explicitly configure spring.jpa.open-in-view to disable this warning
2022-04-21 10:03:18.001  INFO 10342 --- [main] o.s.s.web.DefaultSecurityFilterChain     : Will secure any request with [org.springframework.security.web.context.request.async.WebAsyncManagerIntegrationFilter@4df54c1, org.springframework.security.web.context.SecurityContextPersistenceFilter@40f931ec, org.springframework.security.web.header.HeaderWriterFilter@72fa021, org.springframework.security.web.authentication.logout.LogoutFilter@3fae357f, com.example.demo.jwt.AuthorizationFilter@785477e5, com.example.demo.jwt.CustomAuthFilter@c950fd, org.springframework.security.web.savedrequest.RequestCacheAwareFilter@737ae41a, org.springframework.security.web.servletapi.SecurityContextHolderAwareRequestFilter@73db1a6, org.springframework.security.web.authentication.AnonymousAuthenticationFilter@41962299, org.springframework.security.web.session.SessionManagementFilter@7e864fa4, org.springframework.security.web.access.ExceptionTranslationFilter@28705150, org.springframework.security.web.access.intercept.FilterSecurityInterceptor@2ef3efcc]
2022-04-21 10:03:18.396  INFO 10342 --- [main] o.s.b.w.embedded.tomcat.TomcatWebServer  : Tomcat started on port(s): 8080 (http) with context path ''
2022-04-21 10:03:19.000  INFO 10342 --- [main] c.e.demo.TehnickiZadatakApplication      : Started TehnickiZadatakApplication in 3.929 seconds (JVM running for 4.282)
2022-04-21 10:04:28.345  INFO 10342 --- [http-nio-8080-exec-2] o.a.c.c.C.[Tomcat].[localhost].[/]       : Initializing Spring DispatcherServlet 'dispatcherServlet'
2022-04-21 10:04:28.346  INFO 10342 --- [http-nio-8080-exec-2] o.s.web.servlet.DispatcherServlet        : Initializing Servlet 'dispatcherServlet'
2022-04-21 10:04:28.347  INFO 10342 --- [http-nio-8080-exec-2] o.s.web.servlet.DispatcherServlet        : Completed initialization in 1 ms
2022-04-21 10:04:28.356 ERROR 10342 --- [http-nio-8080-exec-2] c.example.demo.jwt.AuthorizationFilter   : Error logging in: The token was expected to have 3 parts, but got 1.
2022-04-21 10:05:44.202 ERROR 10342 --- [http-nio-8080-exec-7] c.example.demo.jwt.AuthorizationFilter   : Error logging in: A granted authority textual representation is required
2022-04-21 10:06:52.008 ERROR 10342 --- [http-nio-8080-exec-10] c.example.demo.jwt.AuthorizationFilter   : Error logging in: A granted authority textual representation is required
2022-04-21 10:07:23.899  INFO 10342 --- [SpringApplicationShutdownHook] j.LocalContainerEntityManagerFactoryBean : Closing JPA EntityManagerFactory for persistence unit 'default'
2022-04-21 10:07:23.900  INFO 10342 --- [SpringApplicationShutdownHook] com.zaxxer.hikari.HikariDataSource       : HikariPool-1 - Shutdown initiated...
2022-04-21 10:07:23.901  INFO 10342 --- [SpringApplicationShutdownHook] com.zaxxer.hikari.HikariDataSource       : HikariPool-1 - Shutdown completed.
2022-04-21 10:07:27.119  INFO 10624 --- [main] c.e.demo.TehnickiZadatakApplication      : Starting TehnickiZadatakApplication using Java 17.0.2 on nebojsa-HP-ProBook-450-G8-Notebook-PC with PID 10624 (/home/nebojsa/IdeaProjects/poslovnizadatak/target/classes started by nebojsa in /home/nebojsa/IdeaProjects/poslovnizadatak)
2022-04-21 10:07:27.121  INFO 10624 --- [main] c.e.demo.TehnickiZadatakApplication      : The following profiles are active: prod
2022-04-21 10:07:27.707  INFO 10624 --- [main] .s.d.r.c.RepositoryConfigurationDelegate : Bootstrapping Spring Data JPA repositories in DEFAULT mode.
2022-04-21 10:07:27.747  INFO 10624 --- [main] .s.d.r.c.RepositoryConfigurationDelegate : Finished Spring Data repository scanning in 35 ms. Found 7 JPA repository interfaces.
2022-04-21 10:07:28.186  INFO 10624 --- [main] o.s.b.w.embedded.tomcat.TomcatWebServer  : Tomcat initialized with port(s): 8080 (http)
2022-04-21 10:07:28.191  INFO 10624 --- [main] o.apache.catalina.core.StandardService   : Starting service [Tomcat]
2022-04-21 10:07:28.191  INFO 10624 --- [main] org.apache.catalina.core.StandardEngine  : Starting Servlet engine: [Apache Tomcat/9.0.56]
2022-04-21 10:07:28.231  INFO 10624 --- [main] o.a.c.c.C.[Tomcat].[localhost].[/]       : Initializing Spring embedded WebApplicationContext
2022-04-21 10:07:28.232  INFO 10624 --- [main] w.s.c.ServletWebServerApplicationContext : Root WebApplicationContext: initialization completed in 1079 ms
2022-04-21 10:07:28.264  INFO 10624 --- [main] com.zaxxer.hikari.HikariDataSource       : HikariPool-1 - Starting...
2022-04-21 10:07:28.322  INFO 10624 --- [main] com.zaxxer.hikari.HikariDataSource       : HikariPool-1 - Start completed.
2022-04-21 10:07:28.330  INFO 10624 --- [main] o.s.b.a.h2.H2ConsoleAutoConfiguration    : H2 console available at '/h2-console'. Database available at 'jdbc:h2:mem:zadatakdb'
2022-04-21 10:07:28.438  INFO 10624 --- [main] o.hibernate.jpa.internal.util.LogHelper  : HHH000204: Processing PersistenceUnitInfo [name: default]
2022-04-21 10:07:28.462  INFO 10624 --- [main] org.hibernate.Version                    : HHH000412: Hibernate ORM core version 5.6.4.Final
2022-04-21 10:07:28.517  INFO 10624 --- [main] o.hibernate.annotations.common.Version   : HCANN000001: Hibernate Commons Annotations {5.1.2.Final}
2022-04-21 10:07:28.567  INFO 10624 --- [main] org.hibernate.dialect.Dialect            : HHH000400: Using dialect: org.hibernate.dialect.H2Dialect
2022-04-21 10:07:28.967  INFO 10624 --- [main] o.h.e.t.j.p.i.JtaPlatformInitiator       : HHH000490: Using JtaPlatform implementation: [org.hibernate.engine.transaction.jta.platform.internal.NoJtaPlatform]
2022-04-21 10:07:28.970  INFO 10624 --- [main] j.LocalContainerEntityManagerFactoryBean : Initialized JPA EntityManagerFactory for persistence unit 'default'
2022-04-21 10:07:29.347  WARN 10624 --- [main] JpaBaseConfiguration$JpaWebConfiguration : spring.jpa.open-in-view is enabled by default. Therefore, database queries may be performed during view rendering. Explicitly configure spring.jpa.open-in-view to disable this warning
2022-04-21 10:07:29.831  INFO 10624 --- [main] o.s.s.web.DefaultSecurityFilterChain     : Will secure any request with [org.springframework.security.web.context.request.async.WebAsyncManagerIntegrationFilter@5c141c7b, org.springframework.security.web.context.SecurityContextPersistenceFilter@452d6fd, org.springframework.security.web.header.HeaderWriterFilter@10c1682b, org.springframework.security.web.authentication.logout.LogoutFilter@399acce3, com.example.demo.jwt.AuthorizationFilter@14f254f, com.example.demo.jwt.CustomAuthFilter@363ee411, org.springframework.security.web.savedrequest.RequestCacheAwareFilter@40f931ec, org.springframework.security.web.servletapi.SecurityContextHolderAwareRequestFilter@33b4c775, org.springframework.security.web.authentication.AnonymousAuthenticationFilter@4df54c1, org.springframework.security.web.session.SessionManagementFilter@72fa021, org.springframework.security.web.access.ExceptionTranslationFilter@6b8a9e1, org.springframework.security.web.access.intercept.FilterSecurityInterceptor@247d44b4]
2022-04-21 10:07:30.212  INFO 10624 --- [main] o.s.b.w.embedded.tomcat.TomcatWebServer  : Tomcat started on port(s): 8080 (http) with context path ''
2022-04-21 10:07:30.780  INFO 10624 --- [main] c.e.demo.TehnickiZadatakApplication      : Started TehnickiZadatakApplication in 3.912 seconds (JVM running for 4.39)
2022-04-21 10:07:45.563  INFO 10624 --- [http-nio-8080-exec-2] o.a.c.c.C.[Tomcat].[localhost].[/]       : Initializing Spring DispatcherServlet 'dispatcherServlet'
2022-04-21 10:07:45.563  INFO 10624 --- [http-nio-8080-exec-2] o.s.web.servlet.DispatcherServlet        : Initializing Servlet 'dispatcherServlet'
2022-04-21 10:07:45.565  INFO 10624 --- [http-nio-8080-exec-2] o.s.web.servlet.DispatcherServlet        : Completed initialization in 2 ms
2022-04-21 10:08:40.290 ERROR 10624 --- [http-nio-8080-exec-4] c.example.demo.jwt.AuthorizationFilter   : Error logging in: A granted authority textual representation is required
2022-04-21 10:08:43.700  INFO 10624 --- [SpringApplicationShutdownHook] j.LocalContainerEntityManagerFactoryBean : Closing JPA EntityManagerFactory for persistence unit 'default'
2022-04-21 10:08:43.702  INFO 10624 --- [SpringApplicationShutdownHook] com.zaxxer.hikari.HikariDataSource       : HikariPool-1 - Shutdown initiated...
2022-04-21 10:08:43.703  INFO 10624 --- [SpringApplicationShutdownHook] com.zaxxer.hikari.HikariDataSource       : HikariPool-1 - Shutdown completed.
2022-04-21 10:14:38.824  INFO 11482 --- [main] c.e.demo.TehnickiZadatakApplication      : Starting TehnickiZadatakApplication using Java 17.0.2 on nebojsa-HP-ProBook-450-G8-Notebook-PC with PID 11482 (/home/nebojsa/IdeaProjects/poslovnizadatak/target/classes started by nebojsa in /home/nebojsa/IdeaProjects/poslovnizadatak)
2022-04-21 10:14:38.826  INFO 11482 --- [main] c.e.demo.TehnickiZadatakApplication      : The following profiles are active: prod
2022-04-21 10:14:39.329  INFO 11482 --- [main] .s.d.r.c.RepositoryConfigurationDelegate : Bootstrapping Spring Data JPA repositories in DEFAULT mode.
2022-04-21 10:14:39.360  INFO 11482 --- [main] .s.d.r.c.RepositoryConfigurationDelegate : Finished Spring Data repository scanning in 27 ms. Found 7 JPA repository interfaces.
2022-04-21 10:14:39.709  INFO 11482 --- [main] o.s.b.w.embedded.tomcat.TomcatWebServer  : Tomcat initialized with port(s): 8080 (http)
2022-04-21 10:14:39.713  INFO 11482 --- [main] o.apache.catalina.core.StandardService   : Starting service [Tomcat]
2022-04-21 10:14:39.714  INFO 11482 --- [main] org.apache.catalina.core.StandardEngine  : Starting Servlet engine: [Apache Tomcat/9.0.56]
2022-04-21 10:14:39.747  INFO 11482 --- [main] o.a.c.c.C.[Tomcat].[localhost].[/]       : Initializing Spring embedded WebApplicationContext
2022-04-21 10:14:39.747  INFO 11482 --- [main] w.s.c.ServletWebServerApplicationContext : Root WebApplicationContext: initialization completed in 892 ms
2022-04-21 10:14:39.776  INFO 11482 --- [main] com.zaxxer.hikari.HikariDataSource       : HikariPool-1 - Starting...
2022-04-21 10:14:39.822  INFO 11482 --- [main] com.zaxxer.hikari.HikariDataSource       : HikariPool-1 - Start completed.
2022-04-21 10:14:39.828  INFO 11482 --- [main] o.s.b.a.h2.H2ConsoleAutoConfiguration    : H2 console available at '/h2-console'. Database available at 'jdbc:h2:mem:zadatakdb'
2022-04-21 10:14:39.919  INFO 11482 --- [main] o.hibernate.jpa.internal.util.LogHelper  : HHH000204: Processing PersistenceUnitInfo [name: default]
2022-04-21 10:14:39.945  INFO 11482 --- [main] org.hibernate.Version                    : HHH000412: Hibernate ORM core version 5.6.4.Final
2022-04-21 10:14:39.993  INFO 11482 --- [main] o.hibernate.annotations.common.Version   : HCANN000001: Hibernate Commons Annotations {5.1.2.Final}
2022-04-21 10:14:40.035  INFO 11482 --- [main] org.hibernate.dialect.Dialect            : HHH000400: Using dialect: org.hibernate.dialect.H2Dialect
2022-04-21 10:14:40.367  INFO 11482 --- [main] o.h.e.t.j.p.i.JtaPlatformInitiator       : HHH000490: Using JtaPlatform implementation: [org.hibernate.engine.transaction.jta.platform.internal.NoJtaPlatform]
2022-04-21 10:14:40.370  INFO 11482 --- [main] j.LocalContainerEntityManagerFactoryBean : Initialized JPA EntityManagerFactory for persistence unit 'default'
2022-04-21 10:14:40.676  WARN 11482 --- [main] JpaBaseConfiguration$JpaWebConfiguration : spring.jpa.open-in-view is enabled by default. Therefore, database queries may be performed during view rendering. Explicitly configure spring.jpa.open-in-view to disable this warning
2022-04-21 10:14:41.100  INFO 11482 --- [main] o.s.s.web.DefaultSecurityFilterChain     : Will secure any request with [org.springframework.security.web.context.request.async.WebAsyncManagerIntegrationFilter@5e572b08, org.springframework.security.web.context.SecurityContextPersistenceFilter@33b4c775, org.springframework.security.web.header.HeaderWriterFilter@40f931ec, org.springframework.security.web.authentication.logout.LogoutFilter@186e254, com.example.demo.jwt.AuthorizationFilter@6908674b, com.example.demo.jwt.CustomAuthFilter@a3e458, org.springframework.security.web.savedrequest.RequestCacheAwareFilter@73db1a6, org.springframework.security.web.servletapi.SecurityContextHolderAwareRequestFilter@44f88149, org.springframework.security.web.authentication.AnonymousAuthenticationFilter@4b74a4d, org.springframework.security.web.session.SessionManagementFilter@737ae41a, org.springframework.security.web.access.ExceptionTranslationFilter@2e7563f6, org.springframework.security.web.access.intercept.FilterSecurityInterceptor@6f627a1a]
2022-04-21 10:14:41.450  INFO 11482 --- [main] o.s.b.w.embedded.tomcat.TomcatWebServer  : Tomcat started on port(s): 8080 (http) with context path ''
2022-04-21 10:14:41.960  INFO 11482 --- [main] c.e.demo.TehnickiZadatakApplication      : Started TehnickiZadatakApplication in 3.362 seconds (JVM running for 3.691)
2022-04-21 10:15:01.522  INFO 11482 --- [http-nio-8080-exec-2] o.a.c.c.C.[Tomcat].[localhost].[/]       : Initializing Spring DispatcherServlet 'dispatcherServlet'
2022-04-21 10:15:01.522  INFO 11482 --- [http-nio-8080-exec-2] o.s.web.servlet.DispatcherServlet        : Initializing Servlet 'dispatcherServlet'
2022-04-21 10:15:01.524  INFO 11482 --- [http-nio-8080-exec-2] o.s.web.servlet.DispatcherServlet        : Completed initialization in 2 ms
2022-04-21 10:15:01.550 ERROR 11482 --- [http-nio-8080-exec-2] c.example.demo.jwt.AuthorizationFilter   : Error logging in: A granted authority textual representation is required
2022-04-21 10:15:46.048  INFO 11482 --- [SpringApplicationShutdownHook] j.LocalContainerEntityManagerFactoryBean : Closing JPA EntityManagerFactory for persistence unit 'default'
2022-04-21 10:15:46.049  INFO 11482 --- [SpringApplicationShutdownHook] com.zaxxer.hikari.HikariDataSource       : HikariPool-1 - Shutdown initiated...
2022-04-21 10:15:46.050  INFO 11482 --- [SpringApplicationShutdownHook] com.zaxxer.hikari.HikariDataSource       : HikariPool-1 - Shutdown completed.
2022-04-21 10:15:49.117  INFO 11672 --- [main] c.e.demo.TehnickiZadatakApplication      : Starting TehnickiZadatakApplication using Java 17.0.2 on nebojsa-HP-ProBook-450-G8-Notebook-PC with PID 11672 (/home/nebojsa/IdeaProjects/poslovnizadatak/target/classes started by nebojsa in /home/nebojsa/IdeaProjects/poslovnizadatak)
2022-04-21 10:15:49.118  INFO 11672 --- [main] c.e.demo.TehnickiZadatakApplication      : The following profiles are active: prod
2022-04-21 10:15:49.601  INFO 11672 --- [main] .s.d.r.c.RepositoryConfigurationDelegate : Bootstrapping Spring Data JPA repositories in DEFAULT mode.
2022-04-21 10:15:49.635  INFO 11672 --- [main] .s.d.r.c.RepositoryConfigurationDelegate : Finished Spring Data repository scanning in 30 ms. Found 7 JPA repository interfaces.
2022-04-21 10:15:49.963  INFO 11672 --- [main] o.s.b.w.embedded.tomcat.TomcatWebServer  : Tomcat initialized with port(s): 8080 (http)
2022-04-21 10:15:49.967  INFO 11672 --- [main] o.apache.catalina.core.StandardService   : Starting service [Tomcat]
2022-04-21 10:15:49.967  INFO 11672 --- [main] org.apache.catalina.core.StandardEngine  : Starting Servlet engine: [Apache Tomcat/9.0.56]
2022-04-21 10:15:49.997  INFO 11672 --- [main] o.a.c.c.C.[Tomcat].[localhost].[/]       : Initializing Spring embedded WebApplicationContext
2022-04-21 10:15:49.998  INFO 11672 --- [main] w.s.c.ServletWebServerApplicationContext : Root WebApplicationContext: initialization completed in 844 ms
2022-04-21 10:15:50.023  INFO 11672 --- [main] com.zaxxer.hikari.HikariDataSource       : HikariPool-1 - Starting...
2022-04-21 10:15:50.072  INFO 11672 --- [main] com.zaxxer.hikari.HikariDataSource       : HikariPool-1 - Start completed.
2022-04-21 10:15:50.078  INFO 11672 --- [main] o.s.b.a.h2.H2ConsoleAutoConfiguration    : H2 console available at '/h2-console'. Database available at 'jdbc:h2:mem:zadatakdb'
2022-04-21 10:15:50.157  INFO 11672 --- [main] o.hibernate.jpa.internal.util.LogHelper  : HHH000204: Processing PersistenceUnitInfo [name: default]
2022-04-21 10:15:50.174  INFO 11672 --- [main] org.hibernate.Version                    : HHH000412: Hibernate ORM core version 5.6.4.Final
2022-04-21 10:15:50.221  INFO 11672 --- [main] o.hibernate.annotations.common.Version   : HCANN000001: Hibernate Commons Annotations {5.1.2.Final}
2022-04-21 10:15:50.267  INFO 11672 --- [main] org.hibernate.dialect.Dialect            : HHH000400: Using dialect: org.hibernate.dialect.H2Dialect
2022-04-21 10:15:50.592  INFO 11672 --- [main] o.h.e.t.j.p.i.JtaPlatformInitiator       : HHH000490: Using JtaPlatform implementation: [org.hibernate.engine.transaction.jta.platform.internal.NoJtaPlatform]
2022-04-21 10:15:50.595  INFO 11672 --- [main] j.LocalContainerEntityManagerFactoryBean : Initialized JPA EntityManagerFactory for persistence unit 'default'
2022-04-21 10:15:50.901  WARN 11672 --- [main] JpaBaseConfiguration$JpaWebConfiguration : spring.jpa.open-in-view is enabled by default. Therefore, database queries may be performed during view rendering. Explicitly configure spring.jpa.open-in-view to disable this warning
2022-04-21 10:15:51.312  INFO 11672 --- [main] o.s.s.web.DefaultSecurityFilterChain     : Will secure any request with [org.springframework.security.web.context.request.async.WebAsyncManagerIntegrationFilter@4df54c1, org.springframework.security.web.context.SecurityContextPersistenceFilter@40f931ec, org.springframework.security.web.header.HeaderWriterFilter@72fa021, org.springframework.security.web.authentication.logout.LogoutFilter@3fae357f, com.example.demo.jwt.AuthorizationFilter@785477e5, com.example.demo.jwt.CustomAuthFilter@c950fd, org.springframework.security.web.savedrequest.RequestCacheAwareFilter@737ae41a, org.springframework.security.web.servletapi.SecurityContextHolderAwareRequestFilter@73db1a6, org.springframework.security.web.authentication.AnonymousAuthenticationFilter@41962299, org.springframework.security.web.session.SessionManagementFilter@7e864fa4, org.springframework.security.web.access.ExceptionTranslationFilter@28705150, org.springframework.security.web.access.intercept.FilterSecurityInterceptor@2ef3efcc]
2022-04-21 10:15:51.619  INFO 11672 --- [main] o.s.b.w.embedded.tomcat.TomcatWebServer  : Tomcat started on port(s): 8080 (http) with context path ''
2022-04-21 10:15:52.089  INFO 11672 --- [main] c.e.demo.TehnickiZadatakApplication      : Started TehnickiZadatakApplication in 3.19 seconds (JVM running for 3.48)
2022-04-21 10:15:56.580  INFO 11672 --- [http-nio-8080-exec-2] o.a.c.c.C.[Tomcat].[localhost].[/]       : Initializing Spring DispatcherServlet 'dispatcherServlet'
2022-04-21 10:15:56.580  INFO 11672 --- [http-nio-8080-exec-2] o.s.web.servlet.DispatcherServlet        : Initializing Servlet 'dispatcherServlet'
2022-04-21 10:15:56.581  INFO 11672 --- [http-nio-8080-exec-2] o.s.web.servlet.DispatcherServlet        : Completed initialization in 1 ms
2022-04-21 10:15:56.610 ERROR 11672 --- [http-nio-8080-exec-2] c.example.demo.jwt.AuthorizationFilter   : Error logging in: A granted authority textual representation is required
2022-04-21 10:17:26.397  INFO 11672 --- [SpringApplicationShutdownHook] j.LocalContainerEntityManagerFactoryBean : Closing JPA EntityManagerFactory for persistence unit 'default'
2022-04-21 10:17:26.398  INFO 11672 --- [SpringApplicationShutdownHook] com.zaxxer.hikari.HikariDataSource       : HikariPool-1 - Shutdown initiated...
2022-04-21 10:17:26.400  INFO 11672 --- [SpringApplicationShutdownHook] com.zaxxer.hikari.HikariDataSource       : HikariPool-1 - Shutdown completed.
2022-04-21 10:17:29.118  INFO 11939 --- [main] c.e.demo.TehnickiZadatakApplication      : Starting TehnickiZadatakApplication using Java 17.0.2 on nebojsa-HP-ProBook-450-G8-Notebook-PC with PID 11939 (/home/nebojsa/IdeaProjects/poslovnizadatak/target/classes started by nebojsa in /home/nebojsa/IdeaProjects/poslovnizadatak)
2022-04-21 10:17:29.120  INFO 11939 --- [main] c.e.demo.TehnickiZadatakApplication      : The following profiles are active: prod
2022-04-21 10:17:29.629  INFO 11939 --- [main] .s.d.r.c.RepositoryConfigurationDelegate : Bootstrapping Spring Data JPA repositories in DEFAULT mode.
2022-04-21 10:17:29.663  INFO 11939 --- [main] .s.d.r.c.RepositoryConfigurationDelegate : Finished Spring Data repository scanning in 30 ms. Found 7 JPA repository interfaces.
2022-04-21 10:17:30.006  INFO 11939 --- [main] o.s.b.w.embedded.tomcat.TomcatWebServer  : Tomcat initialized with port(s): 8080 (http)
2022-04-21 10:17:30.010  INFO 11939 --- [main] o.apache.catalina.core.StandardService   : Starting service [Tomcat]
2022-04-21 10:17:30.010  INFO 11939 --- [main] org.apache.catalina.core.StandardEngine  : Starting Servlet engine: [Apache Tomcat/9.0.56]
2022-04-21 10:17:30.041  INFO 11939 --- [main] o.a.c.c.C.[Tomcat].[localhost].[/]       : Initializing Spring embedded WebApplicationContext
2022-04-21 10:17:30.042  INFO 11939 --- [main] w.s.c.ServletWebServerApplicationContext : Root WebApplicationContext: initialization completed in 889 ms
2022-04-21 10:17:30.069  INFO 11939 --- [main] com.zaxxer.hikari.HikariDataSource       : HikariPool-1 - Starting...
2022-04-21 10:17:30.114  INFO 11939 --- [main] com.zaxxer.hikari.HikariDataSource       : HikariPool-1 - Start completed.
2022-04-21 10:17:30.119  INFO 11939 --- [main] o.s.b.a.h2.H2ConsoleAutoConfiguration    : H2 console available at '/h2-console'. Database available at 'jdbc:h2:mem:zadatakdb'
2022-04-21 10:17:30.205  INFO 11939 --- [main] o.hibernate.jpa.internal.util.LogHelper  : HHH000204: Processing PersistenceUnitInfo [name: default]
2022-04-21 10:17:30.223  INFO 11939 --- [main] org.hibernate.Version                    : HHH000412: Hibernate ORM core version 5.6.4.Final
2022-04-21 10:17:30.269  INFO 11939 --- [main] o.hibernate.annotations.common.Version   : HCANN000001: Hibernate Commons Annotations {5.1.2.Final}
2022-04-21 10:17:30.310  INFO 11939 --- [main] org.hibernate.dialect.Dialect            : HHH000400: Using dialect: org.hibernate.dialect.H2Dialect
2022-04-21 10:17:30.625  INFO 11939 --- [main] o.h.e.t.j.p.i.JtaPlatformInitiator       : HHH000490: Using JtaPlatform implementation: [org.hibernate.engine.transaction.jta.platform.internal.NoJtaPlatform]
2022-04-21 10:17:30.628  INFO 11939 --- [main] j.LocalContainerEntityManagerFactoryBean : Initialized JPA EntityManagerFactory for persistence unit 'default'
2022-04-21 10:17:30.919  WARN 11939 --- [main] JpaBaseConfiguration$JpaWebConfiguration : spring.jpa.open-in-view is enabled by default. Therefore, database queries may be performed during view rendering. Explicitly configure spring.jpa.open-in-view to disable this warning
2022-04-21 10:17:31.322  INFO 11939 --- [main] o.s.s.web.DefaultSecurityFilterChain     : Will secure any request with [org.springframework.security.web.context.request.async.WebAsyncManagerIntegrationFilter@14f254f, org.springframework.security.web.context.SecurityContextPersistenceFilter@38dc1c50, org.springframework.security.web.header.HeaderWriterFilter@2cf97875, org.springframework.security.web.authentication.logout.LogoutFilter@18c432ed, com.example.demo.jwt.AuthorizationFilter@363ee411, com.example.demo.jwt.CustomAuthFilter@4df54c1, org.springframework.security.web.savedrequest.RequestCacheAwareFilter@528ef230, org.springframework.security.web.servletapi.SecurityContextHolderAwareRequestFilter@678b3746, org.springframework.security.web.authentication.AnonymousAuthenticationFilter@785477e5, org.springframework.security.web.session.SessionManagementFilter@1c3400df, org.springframework.security.web.access.ExceptionTranslationFilter@4c51fc9a, org.springframework.security.web.access.intercept.FilterSecurityInterceptor@640028f2]
2022-04-21 10:17:31.638  INFO 11939 --- [main] o.s.b.w.embedded.tomcat.TomcatWebServer  : Tomcat started on port(s): 8080 (http) with context path ''
2022-04-21 10:17:32.113  INFO 11939 --- [main] c.e.demo.TehnickiZadatakApplication      : Started TehnickiZadatakApplication in 3.214 seconds (JVM running for 3.549)
2022-04-21 10:17:36.306  INFO 11939 --- [http-nio-8080-exec-2] o.a.c.c.C.[Tomcat].[localhost].[/]       : Initializing Spring DispatcherServlet 'dispatcherServlet'
2022-04-21 10:17:36.306  INFO 11939 --- [http-nio-8080-exec-2] o.s.web.servlet.DispatcherServlet        : Initializing Servlet 'dispatcherServlet'
2022-04-21 10:17:36.307  INFO 11939 --- [http-nio-8080-exec-2] o.s.web.servlet.DispatcherServlet        : Completed initialization in 1 ms
2022-04-21 10:17:36.336 ERROR 11939 --- [http-nio-8080-exec-2] c.example.demo.jwt.AuthorizationFilter   : Error logging in: A granted authority textual representation is required
2022-04-21 10:18:24.228  INFO 11939 --- [SpringApplicationShutdownHook] j.LocalContainerEntityManagerFactoryBean : Closing JPA EntityManagerFactory for persistence unit 'default'
2022-04-21 10:18:24.229  INFO 11939 --- [SpringApplicationShutdownHook] com.zaxxer.hikari.HikariDataSource       : HikariPool-1 - Shutdown initiated...
2022-04-21 10:18:24.231  INFO 11939 --- [SpringApplicationShutdownHook] com.zaxxer.hikari.HikariDataSource       : HikariPool-1 - Shutdown completed.
2022-04-21 10:18:27.148  INFO 12111 --- [main] c.e.demo.TehnickiZadatakApplication      : Starting TehnickiZadatakApplication using Java 17.0.2 on nebojsa-HP-ProBook-450-G8-Notebook-PC with PID 12111 (/home/nebojsa/IdeaProjects/poslovnizadatak/target/classes started by nebojsa in /home/nebojsa/IdeaProjects/poslovnizadatak)
2022-04-21 10:18:27.150  INFO 12111 --- [main] c.e.demo.TehnickiZadatakApplication      : The following profiles are active: prod
2022-04-21 10:18:27.700  INFO 12111 --- [main] .s.d.r.c.RepositoryConfigurationDelegate : Bootstrapping Spring Data JPA repositories in DEFAULT mode.
2022-04-21 10:18:27.738  INFO 12111 --- [main] .s.d.r.c.RepositoryConfigurationDelegate : Finished Spring Data repository scanning in 31 ms. Found 7 JPA repository interfaces.
2022-04-21 10:18:28.068  INFO 12111 --- [main] o.s.b.w.embedded.tomcat.TomcatWebServer  : Tomcat initialized with port(s): 8080 (http)
2022-04-21 10:18:28.072  INFO 12111 --- [main] o.apache.catalina.core.StandardService   : Starting service [Tomcat]
2022-04-21 10:18:28.072  INFO 12111 --- [main] org.apache.catalina.core.StandardEngine  : Starting Servlet engine: [Apache Tomcat/9.0.56]
2022-04-21 10:18:28.101  INFO 12111 --- [main] o.a.c.c.C.[Tomcat].[localhost].[/]       : Initializing Spring embedded WebApplicationContext
2022-04-21 10:18:28.101  INFO 12111 --- [main] w.s.c.ServletWebServerApplicationContext : Root WebApplicationContext: initialization completed in 921 ms
2022-04-21 10:18:28.125  INFO 12111 --- [main] com.zaxxer.hikari.HikariDataSource       : HikariPool-1 - Starting...
2022-04-21 10:18:28.172  INFO 12111 --- [main] com.zaxxer.hikari.HikariDataSource       : HikariPool-1 - Start completed.
2022-04-21 10:18:28.178  INFO 12111 --- [main] o.s.b.a.h2.H2ConsoleAutoConfiguration    : H2 console available at '/h2-console'. Database available at 'jdbc:h2:mem:zadatakdb'
2022-04-21 10:18:28.261  INFO 12111 --- [main] o.hibernate.jpa.internal.util.LogHelper  : HHH000204: Processing PersistenceUnitInfo [name: default]
2022-04-21 10:18:28.280  INFO 12111 --- [main] org.hibernate.Version                    : HHH000412: Hibernate ORM core version 5.6.4.Final
2022-04-21 10:18:28.329  INFO 12111 --- [main] o.hibernate.annotations.common.Version   : HCANN000001: Hibernate Commons Annotations {5.1.2.Final}
2022-04-21 10:18:28.373  INFO 12111 --- [main] org.hibernate.dialect.Dialect            : HHH000400: Using dialect: org.hibernate.dialect.H2Dialect
2022-04-21 10:18:28.691  INFO 12111 --- [main] o.h.e.t.j.p.i.JtaPlatformInitiator       : HHH000490: Using JtaPlatform implementation: [org.hibernate.engine.transaction.jta.platform.internal.NoJtaPlatform]
2022-04-21 10:18:28.699  INFO 12111 --- [main] j.LocalContainerEntityManagerFactoryBean : Initialized JPA EntityManagerFactory for persistence unit 'default'
2022-04-21 10:18:29.066  WARN 12111 --- [main] JpaBaseConfiguration$JpaWebConfiguration : spring.jpa.open-in-view is enabled by default. Therefore, database queries may be performed during view rendering. Explicitly configure spring.jpa.open-in-view to disable this warning
2022-04-21 10:18:29.724  INFO 12111 --- [main] o.s.s.web.DefaultSecurityFilterChain     : Will secure any request with [org.springframework.security.web.context.request.async.WebAsyncManagerIntegrationFilter@785477e5, org.springframework.security.web.context.SecurityContextPersistenceFilter@528ef230, org.springframework.security.web.header.HeaderWriterFilter@1c3400df, org.springframework.security.web.authentication.logout.LogoutFilter@50bc0bbd, com.example.demo.jwt.AuthorizationFilter@c950fd, com.example.demo.jwt.CustomAuthFilter@41962299, org.springframework.security.web.savedrequest.RequestCacheAwareFilter@7a05cdc8, org.springframework.security.web.servletapi.SecurityContextHolderAwareRequestFilter@12a7515b, org.springframework.security.web.authentication.AnonymousAuthenticationFilter@3f910f36, org.springframework.security.web.session.SessionManagementFilter@452d6fd, org.springframework.security.web.access.ExceptionTranslationFilter@6b44121e, org.springframework.security.web.access.intercept.FilterSecurityInterceptor@60655642]
2022-04-21 10:18:30.095  INFO 12111 --- [main] o.s.b.w.embedded.tomcat.TomcatWebServer  : Tomcat started on port(s): 8080 (http) with context path ''
2022-04-21 10:18:30.598  INFO 12111 --- [main] c.e.demo.TehnickiZadatakApplication      : Started TehnickiZadatakApplication in 3.696 seconds (JVM running for 4.057)
2022-04-21 10:18:38.602  INFO 12111 --- [http-nio-8080-exec-1] o.a.c.c.C.[Tomcat].[localhost].[/]       : Initializing Spring DispatcherServlet 'dispatcherServlet'
2022-04-21 10:18:38.602  INFO 12111 --- [http-nio-8080-exec-1] o.s.web.servlet.DispatcherServlet        : Initializing Servlet 'dispatcherServlet'
2022-04-21 10:18:38.603  INFO 12111 --- [http-nio-8080-exec-1] o.s.web.servlet.DispatcherServlet        : Completed initialization in 1 ms
2022-04-21 10:18:38.632 ERROR 12111 --- [http-nio-8080-exec-1] c.example.demo.jwt.AuthorizationFilter   : Error logging in: A granted authority textual representation is required
2022-04-21 10:19:07.471  INFO 12111 --- [SpringApplicationShutdownHook] j.LocalContainerEntityManagerFactoryBean : Closing JPA EntityManagerFactory for persistence unit 'default'
2022-04-21 10:19:07.472  INFO 12111 --- [SpringApplicationShutdownHook] com.zaxxer.hikari.HikariDataSource       : HikariPool-1 - Shutdown initiated...
2022-04-21 10:19:07.475  INFO 12111 --- [SpringApplicationShutdownHook] com.zaxxer.hikari.HikariDataSource       : HikariPool-1 - Shutdown completed.
2022-04-21 10:19:10.193  INFO 12274 --- [main] c.e.demo.TehnickiZadatakApplication      : Starting TehnickiZadatakApplication using Java 17.0.2 on nebojsa-HP-ProBook-450-G8-Notebook-PC with PID 12274 (/home/nebojsa/IdeaProjects/poslovnizadatak/target/classes started by nebojsa in /home/nebojsa/IdeaProjects/poslovnizadatak)
2022-04-21 10:19:10.195  INFO 12274 --- [main] c.e.demo.TehnickiZadatakApplication      : The following profiles are active: prod
2022-04-21 10:19:10.676  INFO 12274 --- [main] .s.d.r.c.RepositoryConfigurationDelegate : Bootstrapping Spring Data JPA repositories in DEFAULT mode.
2022-04-21 10:19:10.710  INFO 12274 --- [main] .s.d.r.c.RepositoryConfigurationDelegate : Finished Spring Data repository scanning in 29 ms. Found 7 JPA repository interfaces.
2022-04-21 10:19:11.049  INFO 12274 --- [main] o.s.b.w.embedded.tomcat.TomcatWebServer  : Tomcat initialized with port(s): 8080 (http)
2022-04-21 10:19:11.053  INFO 12274 --- [main] o.apache.catalina.core.StandardService   : Starting service [Tomcat]
2022-04-21 10:19:11.053  INFO 12274 --- [main] org.apache.catalina.core.StandardEngine  : Starting Servlet engine: [Apache Tomcat/9.0.56]
2022-04-21 10:19:11.084  INFO 12274 --- [main] o.a.c.c.C.[Tomcat].[localhost].[/]       : Initializing Spring embedded WebApplicationContext
2022-04-21 10:19:11.084  INFO 12274 --- [main] w.s.c.ServletWebServerApplicationContext : Root WebApplicationContext: initialization completed in 861 ms
2022-04-21 10:19:11.109  INFO 12274 --- [main] com.zaxxer.hikari.HikariDataSource       : HikariPool-1 - Starting...
2022-04-21 10:19:11.158  INFO 12274 --- [main] com.zaxxer.hikari.HikariDataSource       : HikariPool-1 - Start completed.
2022-04-21 10:19:11.163  INFO 12274 --- [main] o.s.b.a.h2.H2ConsoleAutoConfiguration    : H2 console available at '/h2-console'. Database available at 'jdbc:h2:mem:zadatakdb'
2022-04-21 10:19:11.242  INFO 12274 --- [main] o.hibernate.jpa.internal.util.LogHelper  : HHH000204: Processing PersistenceUnitInfo [name: default]
2022-04-21 10:19:11.260  INFO 12274 --- [main] org.hibernate.Version                    : HHH000412: Hibernate ORM core version 5.6.4.Final
2022-04-21 10:19:11.307  INFO 12274 --- [main] o.hibernate.annotations.common.Version   : HCANN000001: Hibernate Commons Annotations {5.1.2.Final}
2022-04-21 10:19:11.349  INFO 12274 --- [main] org.hibernate.dialect.Dialect            : HHH000400: Using dialect: org.hibernate.dialect.H2Dialect
2022-04-21 10:19:11.680  INFO 12274 --- [main] o.h.e.t.j.p.i.JtaPlatformInitiator       : HHH000490: Using JtaPlatform implementation: [org.hibernate.engine.transaction.jta.platform.internal.NoJtaPlatform]
2022-04-21 10:19:11.683  INFO 12274 --- [main] j.LocalContainerEntityManagerFactoryBean : Initialized JPA EntityManagerFactory for persistence unit 'default'
2022-04-21 10:19:11.983  WARN 12274 --- [main] JpaBaseConfiguration$JpaWebConfiguration : spring.jpa.open-in-view is enabled by default. Therefore, database queries may be performed during view rendering. Explicitly configure spring.jpa.open-in-view to disable this warning
2022-04-21 10:19:12.380  INFO 12274 --- [main] o.s.s.web.DefaultSecurityFilterChain     : Will secure any request with [org.springframework.security.web.context.request.async.WebAsyncManagerIntegrationFilter@363ee411, org.springframework.security.web.context.SecurityContextPersistenceFilter@ccea4be, org.springframework.security.web.header.HeaderWriterFilter@2e7563f6, org.springframework.security.web.authentication.logout.LogoutFilter@206de1f, com.example.demo.jwt.AuthorizationFilter@4df54c1, com.example.demo.jwt.CustomAuthFilter@785477e5, org.springframework.security.web.savedrequest.RequestCacheAwareFilter@ae85aad, org.springframework.security.web.servletapi.SecurityContextHolderAwareRequestFilter@45689582, org.springframework.security.web.authentication.AnonymousAuthenticationFilter@c950fd, org.springframework.security.web.session.SessionManagementFilter@7be9e9fc, org.springframework.security.web.access.ExceptionTranslationFilter@425376cc, org.springframework.security.web.access.intercept.FilterSecurityInterceptor@48b744fd]
2022-04-21 10:19:12.709  INFO 12274 --- [main] o.s.b.w.embedded.tomcat.TomcatWebServer  : Tomcat started on port(s): 8080 (http) with context path ''
2022-04-21 10:19:13.242  INFO 12274 --- [main] c.e.demo.TehnickiZadatakApplication      : Started TehnickiZadatakApplication in 3.283 seconds (JVM running for 3.627)
2022-04-21 10:19:18.735  INFO 12274 --- [http-nio-8080-exec-1] o.a.c.c.C.[Tomcat].[localhost].[/]       : Initializing Spring DispatcherServlet 'dispatcherServlet'
2022-04-21 10:19:18.735  INFO 12274 --- [http-nio-8080-exec-1] o.s.web.servlet.DispatcherServlet        : Initializing Servlet 'dispatcherServlet'
2022-04-21 10:19:18.736  INFO 12274 --- [http-nio-8080-exec-1] o.s.web.servlet.DispatcherServlet        : Completed initialization in 1 ms
2022-04-21 10:19:18.763 ERROR 12274 --- [http-nio-8080-exec-1] c.example.demo.jwt.AuthorizationFilter   : Error logging in: A granted authority textual representation is required
2022-04-21 10:25:20.511 ERROR 12274 --- [http-nio-8080-exec-6] c.example.demo.jwt.AuthorizationFilter   : Error logging in: A granted authority textual representation is required
2022-04-21 10:25:23.501 ERROR 12274 --- [http-nio-8080-exec-7] c.example.demo.jwt.AuthorizationFilter   : Error logging in: A granted authority textual representation is required
2022-04-21 10:25:26.204 ERROR 12274 --- [http-nio-8080-exec-8] c.example.demo.jwt.AuthorizationFilter   : Error logging in: A granted authority textual representation is required
2022-04-21 10:25:32.539 ERROR 12274 --- [http-nio-8080-exec-9] c.example.demo.jwt.AuthorizationFilter   : Error logging in: A granted authority textual representation is required
2022-04-21 10:25:36.091 ERROR 12274 --- [http-nio-8080-exec-10] c.example.demo.jwt.AuthorizationFilter   : Error logging in: A granted authority textual representation is required
2022-04-21 10:27:23.158  INFO 12274 --- [SpringApplicationShutdownHook] j.LocalContainerEntityManagerFactoryBean : Closing JPA EntityManagerFactory for persistence unit 'default'
2022-04-21 10:27:23.159  INFO 12274 --- [SpringApplicationShutdownHook] com.zaxxer.hikari.HikariDataSource       : HikariPool-1 - Shutdown initiated...
2022-04-21 10:27:23.161  INFO 12274 --- [SpringApplicationShutdownHook] com.zaxxer.hikari.HikariDataSource       : HikariPool-1 - Shutdown completed.
2022-04-21 10:27:26.047  INFO 12708 --- [main] c.e.demo.TehnickiZadatakApplication      : Starting TehnickiZadatakApplication using Java 17.0.2 on nebojsa-HP-ProBook-450-G8-Notebook-PC with PID 12708 (/home/nebojsa/IdeaProjects/poslovnizadatak/target/classes started by nebojsa in /home/nebojsa/IdeaProjects/poslovnizadatak)
2022-04-21 10:27:26.048  INFO 12708 --- [main] c.e.demo.TehnickiZadatakApplication      : The following profiles are active: prod
2022-04-21 10:27:26.536  INFO 12708 --- [main] .s.d.r.c.RepositoryConfigurationDelegate : Bootstrapping Spring Data JPA repositories in DEFAULT mode.
2022-04-21 10:27:26.567  INFO 12708 --- [main] .s.d.r.c.RepositoryConfigurationDelegate : Finished Spring Data repository scanning in 27 ms. Found 7 JPA repository interfaces.
2022-04-21 10:27:26.897  INFO 12708 --- [main] o.s.b.w.embedded.tomcat.TomcatWebServer  : Tomcat initialized with port(s): 8080 (http)
2022-04-21 10:27:26.901  INFO 12708 --- [main] o.apache.catalina.core.StandardService   : Starting service [Tomcat]
2022-04-21 10:27:26.901  INFO 12708 --- [main] org.apache.catalina.core.StandardEngine  : Starting Servlet engine: [Apache Tomcat/9.0.56]
2022-04-21 10:27:26.929  INFO 12708 --- [main] o.a.c.c.C.[Tomcat].[localhost].[/]       : Initializing Spring embedded WebApplicationContext
2022-04-21 10:27:26.929  INFO 12708 --- [main] w.s.c.ServletWebServerApplicationContext : Root WebApplicationContext: initialization completed in 848 ms
2022-04-21 10:27:26.955  INFO 12708 --- [main] com.zaxxer.hikari.HikariDataSource       : HikariPool-1 - Starting...
2022-04-21 10:27:27.002  INFO 12708 --- [main] com.zaxxer.hikari.HikariDataSource       : HikariPool-1 - Start completed.
2022-04-21 10:27:27.008  INFO 12708 --- [main] o.s.b.a.h2.H2ConsoleAutoConfiguration    : H2 console available at '/h2-console'. Database available at 'jdbc:h2:mem:zadatakdb'
2022-04-21 10:27:27.088  INFO 12708 --- [main] o.hibernate.jpa.internal.util.LogHelper  : HHH000204: Processing PersistenceUnitInfo [name: default]
2022-04-21 10:27:27.105  INFO 12708 --- [main] org.hibernate.Version                    : HHH000412: Hibernate ORM core version 5.6.4.Final
2022-04-21 10:27:27.151  INFO 12708 --- [main] o.hibernate.annotations.common.Version   : HCANN000001: Hibernate Commons Annotations {5.1.2.Final}
2022-04-21 10:27:27.197  INFO 12708 --- [main] org.hibernate.dialect.Dialect            : HHH000400: Using dialect: org.hibernate.dialect.H2Dialect
2022-04-21 10:27:27.527  INFO 12708 --- [main] o.h.e.t.j.p.i.JtaPlatformInitiator       : HHH000490: Using JtaPlatform implementation: [org.hibernate.engine.transaction.jta.platform.internal.NoJtaPlatform]
2022-04-21 10:27:27.530  INFO 12708 --- [main] j.LocalContainerEntityManagerFactoryBean : Initialized JPA EntityManagerFactory for persistence unit 'default'
2022-04-21 10:27:27.842  WARN 12708 --- [main] JpaBaseConfiguration$JpaWebConfiguration : spring.jpa.open-in-view is enabled by default. Therefore, database queries may be performed during view rendering. Explicitly configure spring.jpa.open-in-view to disable this warning
2022-04-21 10:27:28.245  INFO 12708 --- [main] o.s.s.web.DefaultSecurityFilterChain     : Will secure any request with [org.springframework.security.web.context.request.async.WebAsyncManagerIntegrationFilter@5c141c7b, org.springframework.security.web.context.SecurityContextPersistenceFilter@452d6fd, org.springframework.security.web.header.HeaderWriterFilter@10c1682b, org.springframework.security.web.authentication.logout.LogoutFilter@399acce3, com.example.demo.jwt.AuthorizationFilter@14f254f, com.example.demo.jwt.CustomAuthFilter@363ee411, org.springframework.security.web.savedrequest.RequestCacheAwareFilter@40f931ec, org.springframework.security.web.servletapi.SecurityContextHolderAwareRequestFilter@33b4c775, org.springframework.security.web.authentication.AnonymousAuthenticationFilter@4df54c1, org.springframework.security.web.session.SessionManagementFilter@72fa021, org.springframework.security.web.access.ExceptionTranslationFilter@6b8a9e1, org.springframework.security.web.access.intercept.FilterSecurityInterceptor@247d44b4]
2022-04-21 10:27:28.557  INFO 12708 --- [main] o.s.b.w.embedded.tomcat.TomcatWebServer  : Tomcat started on port(s): 8080 (http) with context path ''
2022-04-21 10:27:29.040  INFO 12708 --- [main] c.e.demo.TehnickiZadatakApplication      : Started TehnickiZadatakApplication in 3.208 seconds (JVM running for 3.538)
2022-04-21 10:27:33.941  INFO 12708 --- [http-nio-8080-exec-2] o.a.c.c.C.[Tomcat].[localhost].[/]       : Initializing Spring DispatcherServlet 'dispatcherServlet'
2022-04-21 10:27:33.942  INFO 12708 --- [http-nio-8080-exec-2] o.s.web.servlet.DispatcherServlet        : Initializing Servlet 'dispatcherServlet'
2022-04-21 10:27:33.943  INFO 12708 --- [http-nio-8080-exec-2] o.s.web.servlet.DispatcherServlet        : Completed initialization in 1 ms
2022-04-21 10:27:33.971 ERROR 12708 --- [http-nio-8080-exec-2] c.example.demo.jwt.AuthorizationFilter   : Error logging in: A granted authority textual representation is required
2022-04-21 10:29:58.624  INFO 12708 --- [SpringApplicationShutdownHook] j.LocalContainerEntityManagerFactoryBean : Closing JPA EntityManagerFactory for persistence unit 'default'
2022-04-21 10:29:58.626  INFO 12708 --- [SpringApplicationShutdownHook] com.zaxxer.hikari.HikariDataSource       : HikariPool-1 - Shutdown initiated...
2022-04-21 10:29:58.627  INFO 12708 --- [SpringApplicationShutdownHook] com.zaxxer.hikari.HikariDataSource       : HikariPool-1 - Shutdown completed.
2022-04-21 10:30:01.865  INFO 13128 --- [main] c.e.demo.TehnickiZadatakApplication      : Starting TehnickiZadatakApplication using Java 17.0.2 on nebojsa-HP-ProBook-450-G8-Notebook-PC with PID 13128 (/home/nebojsa/IdeaProjects/poslovnizadatak/target/classes started by nebojsa in /home/nebojsa/IdeaProjects/poslovnizadatak)
2022-04-21 10:30:01.866  INFO 13128 --- [main] c.e.demo.TehnickiZadatakApplication      : The following profiles are active: prod
2022-04-21 10:30:02.364  INFO 13128 --- [main] .s.d.r.c.RepositoryConfigurationDelegate : Bootstrapping Spring Data JPA repositories in DEFAULT mode.
2022-04-21 10:30:02.399  INFO 13128 --- [main] .s.d.r.c.RepositoryConfigurationDelegate : Finished Spring Data repository scanning in 31 ms. Found 7 JPA repository interfaces.
2022-04-21 10:30:02.730  INFO 13128 --- [main] o.s.b.w.embedded.tomcat.TomcatWebServer  : Tomcat initialized with port(s): 8080 (http)
2022-04-21 10:30:02.734  INFO 13128 --- [main] o.apache.catalina.core.StandardService   : Starting service [Tomcat]
2022-04-21 10:30:02.734  INFO 13128 --- [main] org.apache.catalina.core.StandardEngine  : Starting Servlet engine: [Apache Tomcat/9.0.56]
2022-04-21 10:30:02.763  INFO 13128 --- [main] o.a.c.c.C.[Tomcat].[localhost].[/]       : Initializing Spring embedded WebApplicationContext
2022-04-21 10:30:02.763  INFO 13128 --- [main] w.s.c.ServletWebServerApplicationContext : Root WebApplicationContext: initialization completed in 860 ms
2022-04-21 10:30:02.789  INFO 13128 --- [main] com.zaxxer.hikari.HikariDataSource       : HikariPool-1 - Starting...
2022-04-21 10:30:02.838  INFO 13128 --- [main] com.zaxxer.hikari.HikariDataSource       : HikariPool-1 - Start completed.
2022-04-21 10:30:02.843  INFO 13128 --- [main] o.s.b.a.h2.H2ConsoleAutoConfiguration    : H2 console available at '/h2-console'. Database available at 'jdbc:h2:mem:zadatakdb'
2022-04-21 10:30:02.928  INFO 13128 --- [main] o.hibernate.jpa.internal.util.LogHelper  : HHH000204: Processing PersistenceUnitInfo [name: default]
2022-04-21 10:30:02.947  INFO 13128 --- [main] org.hibernate.Version                    : HHH000412: Hibernate ORM core version 5.6.4.Final
2022-04-21 10:30:02.998  INFO 13128 --- [main] o.hibernate.annotations.common.Version   : HCANN000001: Hibernate Commons Annotations {5.1.2.Final}
2022-04-21 10:30:03.038  INFO 13128 --- [main] org.hibernate.dialect.Dialect            : HHH000400: Using dialect: org.hibernate.dialect.H2Dialect
2022-04-21 10:30:03.366  INFO 13128 --- [main] o.h.e.t.j.p.i.JtaPlatformInitiator       : HHH000490: Using JtaPlatform implementation: [org.hibernate.engine.transaction.jta.platform.internal.NoJtaPlatform]
2022-04-21 10:30:03.370  INFO 13128 --- [main] j.LocalContainerEntityManagerFactoryBean : Initialized JPA EntityManagerFactory for persistence unit 'default'
2022-04-21 10:30:03.670  WARN 13128 --- [main] JpaBaseConfiguration$JpaWebConfiguration : spring.jpa.open-in-view is enabled by default. Therefore, database queries may be performed during view rendering. Explicitly configure spring.jpa.open-in-view to disable this warning
2022-04-21 10:30:04.057  INFO 13128 --- [main] o.s.s.web.DefaultSecurityFilterChain     : Will secure any request with [org.springframework.security.web.context.request.async.WebAsyncManagerIntegrationFilter@71f86562, org.springframework.security.web.context.SecurityContextPersistenceFilter@7e864fa4, org.springframework.security.web.header.HeaderWriterFilter@5b5e45bc, org.springframework.security.web.authentication.logout.LogoutFilter@25630ede, com.example.demo.jwt.AuthorizationFilter@5c141c7b, com.example.demo.jwt.CustomAuthFilter@14f254f, org.springframework.security.web.savedrequest.RequestCacheAwareFilter@ccea4be, org.springframework.security.web.servletapi.SecurityContextHolderAwareRequestFilter@174aabb2, org.springframework.security.web.authentication.AnonymousAuthenticationFilter@363ee411, org.springframework.security.web.session.SessionManagementFilter@2e7563f6, org.springframework.security.web.access.ExceptionTranslationFilter@29f86630, org.springframework.security.web.access.intercept.FilterSecurityInterceptor@7be3a837]
2022-04-21 10:30:04.372  INFO 13128 --- [main] o.s.b.w.embedded.tomcat.TomcatWebServer  : Tomcat started on port(s): 8080 (http) with context path ''
2022-04-21 10:30:04.847  INFO 13128 --- [main] c.e.demo.TehnickiZadatakApplication      : Started TehnickiZadatakApplication in 3.186 seconds (JVM running for 3.49)
2022-04-21 10:30:31.978  INFO 13128 --- [http-nio-8080-exec-2] o.a.c.c.C.[Tomcat].[localhost].[/]       : Initializing Spring DispatcherServlet 'dispatcherServlet'
2022-04-21 10:30:31.978  INFO 13128 --- [http-nio-8080-exec-2] o.s.web.servlet.DispatcherServlet        : Initializing Servlet 'dispatcherServlet'
2022-04-21 10:30:31.979  INFO 13128 --- [http-nio-8080-exec-2] o.s.web.servlet.DispatcherServlet        : Completed initialization in 1 ms
2022-04-21 10:30:47.804 ERROR 13128 --- [http-nio-8080-exec-3] c.example.demo.jwt.AuthorizationFilter   : Error logging in: A granted authority textual representation is required
2022-04-21 10:34:22.563  INFO 13128 --- [SpringApplicationShutdownHook] j.LocalContainerEntityManagerFactoryBean : Closing JPA EntityManagerFactory for persistence unit 'default'
2022-04-21 10:34:22.565  INFO 13128 --- [SpringApplicationShutdownHook] com.zaxxer.hikari.HikariDataSource       : HikariPool-1 - Shutdown initiated...
2022-04-21 10:34:22.566  INFO 13128 --- [SpringApplicationShutdownHook] com.zaxxer.hikari.HikariDataSource       : HikariPool-1 - Shutdown completed.
2022-04-21 10:34:25.390  INFO 13577 --- [main] c.e.demo.TehnickiZadatakApplication      : Starting TehnickiZadatakApplication using Java 17.0.2 on nebojsa-HP-ProBook-450-G8-Notebook-PC with PID 13577 (/home/nebojsa/IdeaProjects/poslovnizadatak/target/classes started by nebojsa in /home/nebojsa/IdeaProjects/poslovnizadatak)
2022-04-21 10:34:25.392  INFO 13577 --- [main] c.e.demo.TehnickiZadatakApplication      : The following profiles are active: prod
2022-04-21 10:34:25.870  INFO 13577 --- [main] .s.d.r.c.RepositoryConfigurationDelegate : Bootstrapping Spring Data JPA repositories in DEFAULT mode.
2022-04-21 10:34:25.904  INFO 13577 --- [main] .s.d.r.c.RepositoryConfigurationDelegate : Finished Spring Data repository scanning in 30 ms. Found 7 JPA repository interfaces.
2022-04-21 10:34:26.237  INFO 13577 --- [main] o.s.b.w.embedded.tomcat.TomcatWebServer  : Tomcat initialized with port(s): 8080 (http)
2022-04-21 10:34:26.242  INFO 13577 --- [main] o.apache.catalina.core.StandardService   : Starting service [Tomcat]
2022-04-21 10:34:26.242  INFO 13577 --- [main] org.apache.catalina.core.StandardEngine  : Starting Servlet engine: [Apache Tomcat/9.0.56]
2022-04-21 10:34:26.272  INFO 13577 --- [main] o.a.c.c.C.[Tomcat].[localhost].[/]       : Initializing Spring embedded WebApplicationContext
2022-04-21 10:34:26.272  INFO 13577 --- [main] w.s.c.ServletWebServerApplicationContext : Root WebApplicationContext: initialization completed in 852 ms
2022-04-21 10:34:26.296  INFO 13577 --- [main] com.zaxxer.hikari.HikariDataSource       : HikariPool-1 - Starting...
2022-04-21 10:34:26.344  INFO 13577 --- [main] com.zaxxer.hikari.HikariDataSource       : HikariPool-1 - Start completed.
2022-04-21 10:34:26.350  INFO 13577 --- [main] o.s.b.a.h2.H2ConsoleAutoConfiguration    : H2 console available at '/h2-console'. Database available at 'jdbc:h2:mem:zadatakdb'
2022-04-21 10:34:26.435  INFO 13577 --- [main] o.hibernate.jpa.internal.util.LogHelper  : HHH000204: Processing PersistenceUnitInfo [name: default]
2022-04-21 10:34:26.452  INFO 13577 --- [main] org.hibernate.Version                    : HHH000412: Hibernate ORM core version 5.6.4.Final
2022-04-21 10:34:26.494  INFO 13577 --- [main] o.hibernate.annotations.common.Version   : HCANN000001: Hibernate Commons Annotations {5.1.2.Final}
2022-04-21 10:34:26.536  INFO 13577 --- [main] org.hibernate.dialect.Dialect            : HHH000400: Using dialect: org.hibernate.dialect.H2Dialect
2022-04-21 10:34:26.859  INFO 13577 --- [main] o.h.e.t.j.p.i.JtaPlatformInitiator       : HHH000490: Using JtaPlatform implementation: [org.hibernate.engine.transaction.jta.platform.internal.NoJtaPlatform]
2022-04-21 10:34:26.863  INFO 13577 --- [main] j.LocalContainerEntityManagerFactoryBean : Initialized JPA EntityManagerFactory for persistence unit 'default'
2022-04-21 10:34:27.152  WARN 13577 --- [main] JpaBaseConfiguration$JpaWebConfiguration : spring.jpa.open-in-view is enabled by default. Therefore, database queries may be performed during view rendering. Explicitly configure spring.jpa.open-in-view to disable this warning
2022-04-21 10:34:27.578  INFO 13577 --- [main] o.s.s.web.DefaultSecurityFilterChain     : Will secure any request with [org.springframework.security.web.context.request.async.WebAsyncManagerIntegrationFilter@4df54c1, org.springframework.security.web.context.SecurityContextPersistenceFilter@40f931ec, org.springframework.security.web.header.HeaderWriterFilter@72fa021, org.springframework.security.web.authentication.logout.LogoutFilter@3fae357f, com.example.demo.jwt.AuthorizationFilter@785477e5, com.example.demo.jwt.CustomAuthFilter@c950fd, org.springframework.security.web.savedrequest.RequestCacheAwareFilter@737ae41a, org.springframework.security.web.servletapi.SecurityContextHolderAwareRequestFilter@73db1a6, org.springframework.security.web.authentication.AnonymousAuthenticationFilter@41962299, org.springframework.security.web.session.SessionManagementFilter@7e864fa4, org.springframework.security.web.access.ExceptionTranslationFilter@28705150, org.springframework.security.web.access.intercept.FilterSecurityInterceptor@2ef3efcc]
2022-04-21 10:34:27.897  INFO 13577 --- [main] o.s.b.w.embedded.tomcat.TomcatWebServer  : Tomcat started on port(s): 8080 (http) with context path ''
2022-04-21 10:34:28.355  INFO 13577 --- [main] c.e.demo.TehnickiZadatakApplication      : Started TehnickiZadatakApplication in 3.182 seconds (JVM running for 3.574)
2022-04-21 10:34:41.208  INFO 13577 --- [http-nio-8080-exec-2] o.a.c.c.C.[Tomcat].[localhost].[/]       : Initializing Spring DispatcherServlet 'dispatcherServlet'
2022-04-21 10:34:41.208  INFO 13577 --- [http-nio-8080-exec-2] o.s.web.servlet.DispatcherServlet        : Initializing Servlet 'dispatcherServlet'
2022-04-21 10:34:41.209  INFO 13577 --- [http-nio-8080-exec-2] o.s.web.servlet.DispatcherServlet        : Completed initialization in 1 ms
2022-04-21 10:34:41.235 ERROR 13577 --- [http-nio-8080-exec-2] c.example.demo.jwt.AuthorizationFilter   :  FILTER GRESKA Error logging in: A granted authority textual representation is required
2022-04-21 10:39:06.956  INFO 13577 --- [SpringApplicationShutdownHook] j.LocalContainerEntityManagerFactoryBean : Closing JPA EntityManagerFactory for persistence unit 'default'
2022-04-21 10:39:06.957  INFO 13577 --- [SpringApplicationShutdownHook] com.zaxxer.hikari.HikariDataSource       : HikariPool-1 - Shutdown initiated...
2022-04-21 10:39:06.958  INFO 13577 --- [SpringApplicationShutdownHook] com.zaxxer.hikari.HikariDataSource       : HikariPool-1 - Shutdown completed.
2022-04-21 10:39:09.823  INFO 13988 --- [main] c.e.demo.TehnickiZadatakApplication      : Starting TehnickiZadatakApplication using Java 17.0.2 on nebojsa-HP-ProBook-450-G8-Notebook-PC with PID 13988 (/home/nebojsa/IdeaProjects/poslovnizadatak/target/classes started by nebojsa in /home/nebojsa/IdeaProjects/poslovnizadatak)
2022-04-21 10:39:09.824  INFO 13988 --- [main] c.e.demo.TehnickiZadatakApplication      : The following profiles are active: prod
2022-04-21 10:39:10.313  INFO 13988 --- [main] .s.d.r.c.RepositoryConfigurationDelegate : Bootstrapping Spring Data JPA repositories in DEFAULT mode.
2022-04-21 10:39:10.344  INFO 13988 --- [main] .s.d.r.c.RepositoryConfigurationDelegate : Finished Spring Data repository scanning in 27 ms. Found 7 JPA repository interfaces.
2022-04-21 10:39:10.684  INFO 13988 --- [main] o.s.b.w.embedded.tomcat.TomcatWebServer  : Tomcat initialized with port(s): 8080 (http)
2022-04-21 10:39:10.688  INFO 13988 --- [main] o.apache.catalina.core.StandardService   : Starting service [Tomcat]
2022-04-21 10:39:10.688  INFO 13988 --- [main] org.apache.catalina.core.StandardEngine  : Starting Servlet engine: [Apache Tomcat/9.0.56]
2022-04-21 10:39:10.721  INFO 13988 --- [main] o.a.c.c.C.[Tomcat].[localhost].[/]       : Initializing Spring embedded WebApplicationContext
2022-04-21 10:39:10.721  INFO 13988 --- [main] w.s.c.ServletWebServerApplicationContext : Root WebApplicationContext: initialization completed in 869 ms
2022-04-21 10:39:10.747  INFO 13988 --- [main] com.zaxxer.hikari.HikariDataSource       : HikariPool-1 - Starting...
2022-04-21 10:39:10.800  INFO 13988 --- [main] com.zaxxer.hikari.HikariDataSource       : HikariPool-1 - Start completed.
2022-04-21 10:39:10.806  INFO 13988 --- [main] o.s.b.a.h2.H2ConsoleAutoConfiguration    : H2 console available at '/h2-console'. Database available at 'jdbc:h2:mem:zadatakdb'
2022-04-21 10:39:10.892  INFO 13988 --- [main] o.hibernate.jpa.internal.util.LogHelper  : HHH000204: Processing PersistenceUnitInfo [name: default]
2022-04-21 10:39:10.911  INFO 13988 --- [main] org.hibernate.Version                    : HHH000412: Hibernate ORM core version 5.6.4.Final
2022-04-21 10:39:10.959  INFO 13988 --- [main] o.hibernate.annotations.common.Version   : HCANN000001: Hibernate Commons Annotations {5.1.2.Final}
2022-04-21 10:39:11.004  INFO 13988 --- [main] org.hibernate.dialect.Dialect            : HHH000400: Using dialect: org.hibernate.dialect.H2Dialect
2022-04-21 10:39:11.325  INFO 13988 --- [main] o.h.e.t.j.p.i.JtaPlatformInitiator       : HHH000490: Using JtaPlatform implementation: [org.hibernate.engine.transaction.jta.platform.internal.NoJtaPlatform]
2022-04-21 10:39:11.329  INFO 13988 --- [main] j.LocalContainerEntityManagerFactoryBean : Initialized JPA EntityManagerFactory for persistence unit 'default'
2022-04-21 10:39:11.625  WARN 13988 --- [main] JpaBaseConfiguration$JpaWebConfiguration : spring.jpa.open-in-view is enabled by default. Therefore, database queries may be performed during view rendering. Explicitly configure spring.jpa.open-in-view to disable this warning
2022-04-21 10:39:12.059  INFO 13988 --- [main] o.s.s.web.DefaultSecurityFilterChain     : Will secure any request with [org.springframework.security.web.context.request.async.WebAsyncManagerIntegrationFilter@5c141c7b, org.springframework.security.web.context.SecurityContextPersistenceFilter@452d6fd, org.springframework.security.web.header.HeaderWriterFilter@10c1682b, org.springframework.security.web.authentication.logout.LogoutFilter@399acce3, com.example.demo.jwt.AuthorizationFilter@14f254f, com.example.demo.jwt.CustomAuthFilter@363ee411, org.springframework.security.web.savedrequest.RequestCacheAwareFilter@40f931ec, org.springframework.security.web.servletapi.SecurityContextHolderAwareRequestFilter@33b4c775, org.springframework.security.web.authentication.AnonymousAuthenticationFilter@4df54c1, org.springframework.security.web.session.SessionManagementFilter@72fa021, org.springframework.security.web.access.ExceptionTranslationFilter@6b8a9e1, org.springframework.security.web.access.intercept.FilterSecurityInterceptor@247d44b4]
2022-04-21 10:39:12.394  INFO 13988 --- [main] o.s.b.w.embedded.tomcat.TomcatWebServer  : Tomcat started on port(s): 8080 (http) with context path ''
2022-04-21 10:39:12.875  INFO 13988 --- [main] c.e.demo.TehnickiZadatakApplication      : Started TehnickiZadatakApplication in 3.271 seconds (JVM running for 3.615)
2022-04-21 10:39:27.485  INFO 13988 --- [http-nio-8080-exec-2] o.a.c.c.C.[Tomcat].[localhost].[/]       : Initializing Spring DispatcherServlet 'dispatcherServlet'
2022-04-21 10:39:27.485  INFO 13988 --- [http-nio-8080-exec-2] o.s.web.servlet.DispatcherServlet        : Initializing Servlet 'dispatcherServlet'
2022-04-21 10:39:27.486  INFO 13988 --- [http-nio-8080-exec-2] o.s.web.servlet.DispatcherServlet        : Completed initialization in 1 ms
2022-04-21 10:39:55.649 ERROR 13988 --- [http-nio-8080-exec-3] c.example.demo.jwt.AuthorizationFilter   :  FILTER GRESKA Error logging in: A granted authority textual representation is required
